c:\UnityBase\ub.exe 4.0.0.0 (2018-02-22 17:30:16)Host=DESKTOP-GAR5TAF User=dovorob CPU=4*9-6-10759:FFFBEBBFBFE3BA1D0000000000 OS=23.0=10.0.16299 Wow64=1 Freq=2240995Environment variables=ALLUSERSPROFILE=C:\ProgramData	ANSICON=170x1000 (170x39)	ANSICON_DEF=7	APPDATA=C:\Users\dovorob\AppData\Roaming	CommonProgramFiles=C:\Program Files (x86)\Common Files	CommonProgramFiles(x86)=C:\Program Files (x86)\Common Files	CommonProgramW6432=C:\Program Files\Common Files	COMPUTERNAME=DESKTOP-GAR5TAF	ComSpec=C:\WINDOWS\system32\cmd.exe	ConEmuANSI=ON	ConEmuAnsiLog=	ConEmuArgs=	ConEmuArgs2=	ConEmuBackHWND=0x002D0662	ConEmuBaseDir=C:\Program Files\ConEmu\ConEmu	ConEmuBuild=161206	ConEmuConfig=	ConEmuDir=C:\Program Files\ConEmu	ConEmuDrawHWND=0x001D02DC	ConEmuDrive=C:	ConEmuHooks=Enabled	ConEmuHWND=0x000C0556	ConEmuPalette=<ConEmu>	ConEmuPID=8716	ConEmuServerPID=10060	ConEmuTask={Far}	ConEmuWorkDir=C:\Users\dovorob	ConEmuWorkDrive=C:	FARHOME=C:\Program Files\Far Manager	FARLANG=English	FARLOCALPROFILE=C:\Users\dovorob\AppData\Local\Far Manager\Profile	FARPROFILE=C:\Users\dovorob\AppData\Roaming\Far Manager\Profile	FSHARPINSTALLDIR=C:\Program Files (x86)\Microsoft SDKs\F#\4.1\Framework\v4.0\	HOMEDRIVE=C:	HOMEPATH=\Users\dovorob	LOCALAPPDATA=C:\Users\dovorob\AppData\Local	LOGONSERVER=\\DESKTOP-GAR5TAF	MSMPI_BIN=C:\Program Files\Microsoft MPI\Bin\	NUMBER_OF_PROCESSORS=4	OneDrive=C:\Users\dovorob\OneDrive	OS=Windows_NT	Path=C:\Program Files\ConEmu\ConEmu\Scripts;C:\Program Files\ConEmu;C:\Program Files\ConEmu\ConEmu;C:\Program Files\Microsoft MPI\Bin\;C:\WINDOWS\system32;C:\WINDOWS;C:\WINDOWS\System32\Wbem;C:\WINDOWS\System32\WindowsPowerShell\v1.0\;C:\Program Files (x86)\NVIDIA Corporation\PhysX\Common;C:\Program Files\Microsoft Windows Performance Toolkit\;C:\Program Files\dotnet\;C:\Program Files\Microsoft SQL Server\130\Tools\Binn\;C:\Program Files\Microsoft SQL Server\Client SDK\ODBC\130\Tools\Binn\;C:\Program Files (x86)\Microsoft SQL Server\140\Tools\Binn\;C:\Program Files\Microsoft SQL Server\140\Tools\Binn\;C:\Program Files\Microsoft SQL Server\140\DTS\Binn\;C:\Program Files (x86)\Microsoft SQL Server\Client SDK\ODBC\130\Tools\Binn\;C:\Program Files (x86)\Microsoft SQL Server\140\DTS\Binn\;C:\Program Files (x86)\Microsoft SQL Server\140\Tools\Binn\ManagementStudio\;C:\Program Files\nodejs\;c:\UnityBase;C:\Users\dovorob\AppData\Local\Microsoft\WindowsApps;C:\Users\dovorob\AppData\Roaming\npm	PATHEXT=.COM;.EXE;.BAT;.CMD;.VBS;.VBE;.JS;.JSE;.WSF;.WSH;.MSC	PROCESSOR_ARCHITECTURE=x86	PROCESSOR_ARCHITEW6432=AMD64	PROCESSOR_IDENTIFIER=Intel64 Family 6 Model 42 Stepping 7, GenuineIntel	PROCESSOR_LEVEL=6	PROCESSOR_REVISION=2a07	ProgramData=C:\ProgramData	ProgramFiles=C:\Program Files (x86)	ProgramFiles(x86)=C:\Program Files (x86)	ProgramW6432=C:\Program Files	PSModulePath=C:\Program Files\WindowsPowerShell\Modules;C:\WINDOWS\system32\WindowsPowerShell\v1.0\Modules;C:\Program Files (x86)\Microsoft SQL Server\140\Tools\PowerShell\Modules\	PUBLIC=C:\Users\Public	SESSIONNAME=Console	SystemDrive=C:	SystemRoot=C:\WINDOWS	TEMP=C:\Users\dovorob\AppData\Local\Temp	TMP=C:\Users\dovorob\AppData\Local\Temp	UB_HOME=c:\UnityBase	USERDOMAIN=DESKTOP-GAR5TAF	USERDOMAIN_ROAMINGPROFILE=DESKTOP-GAR5TAF	USERNAME=dovorob	USERPROFILE=C:\Users\dovorob	VBOX_MSI_INSTALL_PATH=C:\Program Files\Oracle\VirtualBox\	windir=C:\WINDOWSTubLog 1.18.3488 FTS3 2018-02-23T10:02:1620180223 10021619  ! warn  WebSocket support are disabled because WSServer.host = '' in config
20180223 10021620  !  +    ubServer.TubServer(04EAE5C0).008863DB 
20180223 10021620  !  +    	Init app
20180223 10021620  ! srvr  		FTS is disabled
20180223 10021620  ! info  		Check blob store "avatars" folder "C:\Users\dovorob\Desktop\Sedneva\helloWorldProject\helloWorldUB\avatars\": folder exists
20180223 10021620  !  -    	00.000.377
20180223 10021620  !  +    	Folder C:\Users\dovorob\Desktop\Sedneva\helloWorldProject\helloWorldUB\node_modules\@unitybase\ub\ modified
20180223 10021620  !  +    		ubCommonClasses.TubThreadSafeCache(04EACB30).removeStartsWith
20180223 10021620  !  -    		00.000.006
20180223 10021620  !  -    	00.000.011
20180223 10021620  !  +    	Folder C:\Users\dovorob\Desktop\Sedneva\helloWorldProject\helloWorldUB\node_modules\@unitybase\uba\ modified
20180223 10021620  !  +    		ubCommonClasses.TubThreadSafeCache(04EACB30).removeStartsWith
20180223 10021620  !  -    		00.000.001
20180223 10021620  !  -    	00.000.007
20180223 10021620  !  +    	Folder C:\Users\dovorob\Desktop\Sedneva\helloWorldProject\helloWorldUB\node_modules\@unitybase\ubs\ modified
20180223 10021620  !  +    		ubCommonClasses.TubThreadSafeCache(04EACB30).removeStartsWith
20180223 10021620  !  -    		00.000.001
20180223 10021620  !  -    	00.000.007
20180223 10021620  !  +    	Folder C:\Users\dovorob\Desktop\Sedneva\helloWorldProject\helloWorldUB\node_modules\@unitybase\ubm\ modified
20180223 10021620  !  +    		ubCommonClasses.TubThreadSafeCache(04EACB30).removeStartsWith
20180223 10021620  !  -    		00.000.000
20180223 10021620  !  -    	00.000.006
20180223 10021620  !  +    	Folder C:\Users\dovorob\Desktop\Sedneva\helloWorldProject\helloWorldUB\_public_only_\ modified
20180223 10021620  !  +    		ubCommonClasses.TubThreadSafeCache(04EACB30).removeStartsWith
20180223 10021620  !  -    		00.000.001
20180223 10021620  !  -    	00.000.006
20180223 10021620  !  +    	Folder C:\Users\dovorob\Desktop\Sedneva\helloWorldProject\helloWorldUB\node_modules\@unitybase\adminui-reg\ modified
20180223 10021620  !  +    		ubCommonClasses.TubThreadSafeCache(04EACB30).removeStartsWith
20180223 10021620  !  -    		00.000.001
20180223 10021620  !  -    	00.000.007
20180223 10021620  !  +    	Folder C:\Users\dovorob\Desktop\Sedneva\helloWorldProject\helloWorldUB\ modified
20180223 10021620  ! debug 		refresh UB_STATIC.staticFoldersModifyDate in globalCache (static directory C:\Users\dovorob\Desktop\Sedneva\helloWorldProject\helloWorldUB\ changed)
20180223 10021620  !  +    		ubCommonClasses.TubThreadSafeCache(04EACB30).removeStartsWith
20180223 10021620  !  -    		00.000.001
20180223 10021620  !  -    	00.000.010
20180223 10021620  !  +    	ubApp.TubApp(04E13EE0).init
20180223 10021620  ! srvr  		Mime converters are disabled
20180223 10021620  !  -    	00.000.003
20180223 10021620  ! srvr  	Enable zip compresison
20180223 10021620  ! srvr  	Send initialization request to http://localhost:888/init
20180223 10021621  "  +    InitializationRequest
20180223 10021621  "  +    	init
20180223 10021621  " srvr  		Start application intialization...
20180223 10021621  " info  		Loading domain...
20180223 10021621  " info  		Loading model "UB" from "C:\Users\dovorob\Desktop\Sedneva\helloWorldProject\helloWorldUB\node_modules\@unitybase\ub\"
20180223 10021621  " info  		Loading model "UBA" from "C:\Users\dovorob\Desktop\Sedneva\helloWorldProject\helloWorldUB\node_modules\@unitybase\uba\"
20180223 10021635  " info  		Loading model "UBS" from "C:\Users\dovorob\Desktop\Sedneva\helloWorldProject\helloWorldUB\node_modules\@unitybase\ubs\"
20180223 10021647  " info  		Loading model "UBM" from "C:\Users\dovorob\Desktop\Sedneva\helloWorldProject\helloWorldUB\node_modules\@unitybase\ubm\"
20180223 10021653  " info  		Loading model "adminui-reg" from "C:\Users\dovorob\Desktop\Sedneva\helloWorldProject\helloWorldUB\node_modules\@unitybase\adminui-reg\"
20180223 10021653  "  +    		ubApp.TubDataStore(06348F20).Init
20180223 10021653  "  +    			ubApp.TubApp(04E13EE0).DBExecute
20180223 10021653  "  +    				ubApp.TubApp(04E13EE0).TubApp.InternalDBExecute
20180223 10021653  "  +    					00856EC2 
20180223 10021654  "  -    					00.003.942
20180223 10021654  " SQL   					ubDBSQLite3ThreadSafe.TubSQLite3Statement(04EC4E10) PRAGMA foreign_keys = ON
20180223 10021654  " SQL   					ubDBSQLite3ThreadSafe.TubSQLite3Statement(04EC65B0) SELECT A01.ID,A01.entity,A01.state,A01.attribute,A01.roleName,A01.actions  FROM uba_als A01  ORDER BY A01.entity ASC
20180223 10021654  "  -    				00.004.042
20180223 10021654  "  -    			00.004.099
20180223 10021654  " debug 			Query result for entity "uba_als" into data name "": row count=0
20180223 10021654  "  -    		00.004.974
20180223 10021654  " srvr  		The domain loaded successfully with 0 entities
20180223 10021654  " debug 		Create new JavaScript Engine for thread 264
20180223 10021754  "  +    		008C234A 
20180223 10021754  "  +    			ubApp.TubDataStore(06355608).Init
20180223 10021754  "  +    				ubApp.TubApp(04E13EE0).DBExecute
20180223 10021754  "  +    					ubApp.TubApp(04E13EE0).TubApp.InternalDBExecute
20180223 10021754  " SQL   						ubDBSQLite3ThreadSafe.TubSQLite3Statement(04EC6F10) SELECT A01.ID,A01.name,A01.sessionTimeout,A01.allowedAppMethods  FROM uba_role A01 
20180223 10021754  "  -    					00.000.084
20180223 10021754  "  -    				00.000.207
20180223 10021754  " debug 				Query result for entity "uba_role" into data name "": row count=7
20180223 10021754  "  -    			00.000.228
20180223 10021754  "  +    			ubApp.TubDataStore(06355680).Init
20180223 10021754  "  +    				ubApp.TubApp(04E13EE0).DBExecute
20180223 10021754  "  +    					ubApp.TubApp(04E13EE0).TubApp.InternalDBExecute
20180223 10021754  " SQL   						ubDBSQLite3ThreadSafe.TubSQLite3Statement(04EC6EB0) SELECT A01.ID,A01.entityMask,A01.methodMask,A01.ruleType,A01.ruleRole,A01.disabled,A01.code  FROM uba_els A01 
20180223 10021754  "  -    					00.000.082
20180223 10021754  "  -    				00.000.253
20180223 10021754  " debug 				Query result for entity "uba_els" into data name "": row count=21
20180223 10021754  "  -    			00.000.290
20180223 10021754  "  -    		00.002.465
20180223 10021754  " auth  		New session admin/84578114 created at 127.0.0.1/-72057592427314936 using Mozilla/5.0 (Windows; mORMot 1.18 TWinHTTP)
20180223 10021754  " auth  		New session anonymous/84578141 created at 127.0.0.1/-72057592427314936 using Mozilla/5.0 (Windows; mORMot 1.18 TWinHTTP)
20180223 10021754  "  +    		ubApp.TubDataStore(063556D0).Init
20180223 10021754  "  +    			ubApp.TubApp(04E13EE0).DBExecute
20180223 10021754  "  +    				ubApp.TubApp(04E13EE0).TubApp.InternalDBExecute
20180223 10021754  " debug 					P1: String(34)	UBA.passwordPolicy.maxDurationDays
20180223 10021754  " SQL   					ubDBSQLite3ThreadSafe.TubSQLite3Statement(04EC6FD0) select settingValue from ubs_settings where settingKey =?
20180223 10021754  "  -    				00.000.079
20180223 10021754  "  -    			00.000.194
20180223 10021754  " debug 			Query result for entity "ubs_settings" into data name "": row count=1
20180223 10021754  "  -    		00.000.213
20180223 10021754  "  +    		ubApp.TubDataStore(063556D0).Init
20180223 10021754  "  +    			ubApp.TubApp(04E13EE0).DBExecute
20180223 10021754  "  +    				ubApp.TubApp(04E13EE0).TubApp.InternalDBExecute
20180223 10021754  " debug 					P1: String(37)	UBA.passwordPolicy.maxInvalidAttempts
20180223 10021754  " SQL   					ubDBSQLite3ThreadSafe.TubSQLite3Statement(04EC6FD0) select settingValue from ubs_settings where settingKey =?
20180223 10021754  "  -    				00.000.017
20180223 10021754  "  -    			00.000.060
20180223 10021754  " debug 			Query result for entity "ubs_settings" into data name "": row count=1
20180223 10021754  "  -    		00.000.074
20180223 10021754  "  -    	01.534.610
20180223 10021754  "  -    01.534.645
20180223 10021754  ! srvr  	ubServer.TubServer(04EAE5C0) {"THttpApiServer(04DDAA80)":{"Cloned":false,"RegisteredUrl":"http://+:888/","HTTPQueueLength":1000,"MaxBandwidth":-1,"MaxConnections":-1,"APIVersion":"HTTP API 2.0","ServerName":"UnityBase","ProcessName":""}} initialized
20180223 10021754  !  -    01.552.535
20180223 10022005  ! info  ubApp.TubApp(04E13EE0) {   "ClientsCurrent": 0,   "ClientsMax": 0,   "Invalid": 0,   "Responses": 0,   "Modified": 0,   "IncomingBytes": 0,   "OutcomingBytes": 0,   "OutcomingFiles": 0,   "ServiceCalls": 0,   "ProcessTime": "0us"  }
