c:\UnityBase\ub.exe 4.0.0.0 (2018-02-22 17:30:16)Host=DESKTOP-GAR5TAF User=dovorob CPU=4*9-6-10759:FFFBEBBFBFE3BA1D0000000000 OS=23.0=10.0.16299 Wow64=1 Freq=2240995Environment variables=ALLUSERSPROFILE=C:\ProgramData	ANSICON=170x1000 (170x39)	ANSICON_DEF=7	APPDATA=C:\Users\dovorob\AppData\Roaming	CommonProgramFiles=C:\Program Files (x86)\Common Files	CommonProgramFiles(x86)=C:\Program Files (x86)\Common Files	CommonProgramW6432=C:\Program Files\Common Files	COMPUTERNAME=DESKTOP-GAR5TAF	ComSpec=C:\WINDOWS\system32\cmd.exe	ConEmuANSI=ON	ConEmuAnsiLog=	ConEmuArgs=	ConEmuArgs2=	ConEmuBackHWND=0x002D0662	ConEmuBaseDir=C:\Program Files\ConEmu\ConEmu	ConEmuBuild=161206	ConEmuConfig=	ConEmuDir=C:\Program Files\ConEmu	ConEmuDrawHWND=0x001D02DC	ConEmuDrive=C:	ConEmuHooks=Enabled	ConEmuHWND=0x000C0556	ConEmuPalette=<ConEmu>	ConEmuPID=8716	ConEmuServerPID=10060	ConEmuTask={Far}	ConEmuWorkDir=C:\Users\dovorob	ConEmuWorkDrive=C:	FARHOME=C:\Program Files\Far Manager	FARLANG=English	FARLOCALPROFILE=C:\Users\dovorob\AppData\Local\Far Manager\Profile	FARPROFILE=C:\Users\dovorob\AppData\Roaming\Far Manager\Profile	FSHARPINSTALLDIR=C:\Program Files (x86)\Microsoft SDKs\F#\4.1\Framework\v4.0\	HOMEDRIVE=C:	HOMEPATH=\Users\dovorob	LOCALAPPDATA=C:\Users\dovorob\AppData\Local	LOGONSERVER=\\DESKTOP-GAR5TAF	MSMPI_BIN=C:\Program Files\Microsoft MPI\Bin\	NUMBER_OF_PROCESSORS=4	OneDrive=C:\Users\dovorob\OneDrive	OS=Windows_NT	Path=C:\Program Files\ConEmu\ConEmu\Scripts;C:\Program Files\ConEmu;C:\Program Files\ConEmu\ConEmu;C:\Program Files\Microsoft MPI\Bin\;C:\WINDOWS\system32;C:\WINDOWS;C:\WINDOWS\System32\Wbem;C:\WINDOWS\System32\WindowsPowerShell\v1.0\;C:\Program Files (x86)\NVIDIA Corporation\PhysX\Common;C:\Program Files\Microsoft Windows Performance Toolkit\;C:\Program Files\dotnet\;C:\Program Files\Microsoft SQL Server\130\Tools\Binn\;C:\Program Files\Microsoft SQL Server\Client SDK\ODBC\130\Tools\Binn\;C:\Program Files (x86)\Microsoft SQL Server\140\Tools\Binn\;C:\Program Files\Microsoft SQL Server\140\Tools\Binn\;C:\Program Files\Microsoft SQL Server\140\DTS\Binn\;C:\Program Files (x86)\Microsoft SQL Server\Client SDK\ODBC\130\Tools\Binn\;C:\Program Files (x86)\Microsoft SQL Server\140\DTS\Binn\;C:\Program Files (x86)\Microsoft SQL Server\140\Tools\Binn\ManagementStudio\;C:\Program Files\nodejs\;c:\UnityBase;C:\Users\dovorob\AppData\Local\Microsoft\WindowsApps;C:\Users\dovorob\AppData\Roaming\npm	PATHEXT=.COM;.EXE;.BAT;.CMD;.VBS;.VBE;.JS;.JSE;.WSF;.WSH;.MSC	PROCESSOR_ARCHITECTURE=x86	PROCESSOR_ARCHITEW6432=AMD64	PROCESSOR_IDENTIFIER=Intel64 Family 6 Model 42 Stepping 7, GenuineIntel	PROCESSOR_LEVEL=6	PROCESSOR_REVISION=2a07	ProgramData=C:\ProgramData	ProgramFiles=C:\Program Files (x86)	ProgramFiles(x86)=C:\Program Files (x86)	ProgramW6432=C:\Program Files	PSModulePath=C:\Program Files\WindowsPowerShell\Modules;C:\WINDOWS\system32\WindowsPowerShell\v1.0\Modules;C:\Program Files (x86)\Microsoft SQL Server\140\Tools\PowerShell\Modules\	PUBLIC=C:\Users\Public	SESSIONNAME=Console	SystemDrive=C:	SystemRoot=C:\WINDOWS	TEMP=C:\Users\dovorob\AppData\Local\Temp	TMP=C:\Users\dovorob\AppData\Local\Temp	UB_HOME=c:\UnityBase	USERDOMAIN=DESKTOP-GAR5TAF	USERDOMAIN_ROAMINGPROFILE=DESKTOP-GAR5TAF	USERNAME=dovorob	USERPROFILE=C:\Users\dovorob	VBOX_MSI_INSTALL_PATH=C:\Program Files\Oracle\VirtualBox\	windir=C:\WINDOWSTubLog 1.18.3488 FTS3 2018-02-23T09:44:5720180223 09445719  ! warn  WebSocket support are disabled because WSServer.host = '' in config
20180223 09445719  !  +    ubServer.TubServer(04DDE5C0).008863DB 
20180223 09445719  !  +    	Init app
20180223 09445719  ! srvr  		FTS is disabled
20180223 09445719  ! info  		Check blob store "avatars" folder "C:\Users\dovorob\Desktop\Sedneva\helloWorldProject\helloWorldUB\avatars\": folder exists
20180223 09445719  !  -    	00.001.714
20180223 09445719  !  +    	Folder C:\Users\dovorob\Desktop\Sedneva\helloWorldProject\helloWorldUB\node_modules\@unitybase\ub\ modified
20180223 09445719  !  +    		ubCommonClasses.TubThreadSafeCache(04DDCB30).removeStartsWith
20180223 09445719  !  -    		00.000.010
20180223 09445719  !  -    	00.000.019
20180223 09445719  !  +    	Folder C:\Users\dovorob\Desktop\Sedneva\helloWorldProject\helloWorldUB\node_modules\@unitybase\uba\ modified
20180223 09445719  !  +    		ubCommonClasses.TubThreadSafeCache(04DDCB30).removeStartsWith
20180223 09445719  !  -    		00.000.001
20180223 09445719  !  -    	00.000.008
20180223 09445719  !  +    	Folder C:\Users\dovorob\Desktop\Sedneva\helloWorldProject\helloWorldUB\node_modules\@unitybase\ubs\ modified
20180223 09445719  !  +    		ubCommonClasses.TubThreadSafeCache(04DDCB30).removeStartsWith
20180223 09445719  !  -    		00.000.002
20180223 09445719  !  -    	00.000.009
20180223 09445719  !  +    	Folder C:\Users\dovorob\Desktop\Sedneva\helloWorldProject\helloWorldUB\node_modules\@unitybase\ubm\ modified
20180223 09445719  !  +    		ubCommonClasses.TubThreadSafeCache(04DDCB30).removeStartsWith
20180223 09445719  !  -    		00.000.001
20180223 09445719  !  -    	00.000.007
20180223 09445719  !  +    	Folder C:\Users\dovorob\Desktop\Sedneva\helloWorldProject\helloWorldUB\_public_only_\ modified
20180223 09445719  !  +    		ubCommonClasses.TubThreadSafeCache(04DDCB30).removeStartsWith
20180223 09445719  !  -    		00.000.001
20180223 09445719  !  -    	00.000.009
20180223 09445719  !  +    	Folder C:\Users\dovorob\Desktop\Sedneva\helloWorldProject\helloWorldUB\node_modules\@unitybase\adminui-reg\ modified
20180223 09445719  !  +    		ubCommonClasses.TubThreadSafeCache(04DDCB30).removeStartsWith
20180223 09445719  !  -    		00.000.001
20180223 09445719  !  -    	00.000.008
20180223 09445719  !  +    	Folder C:\Users\dovorob\Desktop\Sedneva\helloWorldProject\helloWorldUB\ modified
20180223 09445719  ! debug 		refresh UB_STATIC.staticFoldersModifyDate in globalCache (static directory C:\Users\dovorob\Desktop\Sedneva\helloWorldProject\helloWorldUB\ changed)
20180223 09445719  !  +    		ubCommonClasses.TubThreadSafeCache(04DDCB30).removeStartsWith
20180223 09445719  !  -    		00.000.001
20180223 09445719  !  -    	00.000.012
20180223 09445719  !  +    	ubApp.TubApp(04D43EE0).init
20180223 09445719  ! srvr  		Mime converters are disabled
20180223 09445719  !  -    	00.000.004
20180223 09445719  ! srvr  	Enable zip compresison
20180223 09445719  ! srvr  	Send initialization request to http://localhost:888/init
20180223 09445720  "  +    InitializationRequest
20180223 09445720  "  +    	init
20180223 09445720  " srvr  		Start application intialization...
20180223 09445720  " info  		Loading domain...
20180223 09445720  " info  		Loading model "UB" from "C:\Users\dovorob\Desktop\Sedneva\helloWorldProject\helloWorldUB\node_modules\@unitybase\ub\"
20180223 09445720  " info  		Loading model "UBA" from "C:\Users\dovorob\Desktop\Sedneva\helloWorldProject\helloWorldUB\node_modules\@unitybase\uba\"
20180223 09445721  " warn  		Model "UBS" configured to use invalid path "C:\Users\dovorob\Desktop\Sedneva\helloWorldProject\helloWorldUB\node_modules\@unitybase\ubs\". Model is not loaded
20180223 09445721  " warn  		Model "UBM" configured to use invalid path "C:\Users\dovorob\Desktop\Sedneva\helloWorldProject\helloWorldUB\node_modules\@unitybase\ubm\". Model is not loaded
20180223 09445721  " warn  		Model "ub-pub" configured to use invalid public path "C:\Users\dovorob\Desktop\Sedneva\helloWorldProject\helloWorldUB\node_modules\@unitybase\ub-pub\". This may cause a malfunction of the UI
20180223 09445721  " warn  		Model "adminui-pub" configured to use invalid public path "C:\Users\dovorob\Desktop\Sedneva\helloWorldProject\helloWorldUB\node_modules\@unitybase\adminui-pub\". This may cause a malfunction of the UI
20180223 09445721  " warn  		Model "adminui-reg" configured to use invalid path "C:\Users\dovorob\Desktop\Sedneva\helloWorldProject\helloWorldUB\node_modules\@unitybase\adminui-reg\". Model is not loaded
20180223 09445721  "  +    		ubApp.TubDataStore(062C7570).Init
20180223 09445721  "  +    			ubApp.TubApp(04D43EE0).DBExecute
20180223 09445721  "  +    				ubApp.TubApp(04D43EE0).TubApp.InternalDBExecute
20180223 09445721  "  +    					00856EC2 
20180223 09445721  "  -    					00.003.228
20180223 09445721  " SQL   					ubDBSQLite3ThreadSafe.TubSQLite3Statement(04DF4E10) PRAGMA foreign_keys = ON
20180223 09445721  " SQL   					ubDBSQLite3ThreadSafe.TubSQLite3Statement(04DF5E90) SELECT A01.ID,A01.entity,A01.state,A01.attribute,A01.roleName,A01.actions  FROM uba_als A01  ORDER BY A01.entity ASC
20180223 09445721  "  -    				00.003.331
20180223 09445721  "  -    			00.003.385
20180223 09445721  " debug 			Query result for entity "uba_als" into data name "": row count=0
20180223 09445721  "  -    		00.003.423
20180223 09445721  " srvr  		The domain loaded successfully with 0 entities
20180223 09445721  " debug 		Create new JavaScript Engine for thread 6540
20180223 09445739  "  +    		008C234A 
20180223 09445739  "  +    			ubApp.TubDataStore(08119ED8).Init
20180223 09445739  "  +    				ubApp.TubApp(04D43EE0).DBExecute
20180223 09445739  "  +    					ubApp.TubApp(04D43EE0).TubApp.InternalDBExecute
20180223 09445739  " SQL   						ubDBSQLite3ThreadSafe.TubSQLite3Statement(04DF6550) SELECT A01.ID,A01.name,A01.sessionTimeout,A01.allowedAppMethods  FROM uba_role A01 
20180223 09445739  "  -    					00.000.063
20180223 09445739  "  -    				00.000.156
20180223 09445739  " debug 				Query result for entity "uba_role" into data name "": row count=7
20180223 09445739  "  -    			00.000.170
20180223 09445739  "  +    			ubApp.TubDataStore(08119F50).Init
20180223 09445739  "  +    				ubApp.TubApp(04D43EE0).DBExecute
20180223 09445739  "  +    					ubApp.TubApp(04D43EE0).TubApp.InternalDBExecute
20180223 09445739  " SQL   						ubDBSQLite3ThreadSafe.TubSQLite3Statement(04DF64F0) SELECT A01.ID,A01.entityMask,A01.methodMask,A01.ruleType,A01.ruleRole,A01.disabled,A01.code  FROM uba_els A01 
20180223 09445739  "  -    					00.000.045
20180223 09445739  "  -    				00.000.114
20180223 09445739  " debug 				Query result for entity "uba_els" into data name "": row count=14
20180223 09445739  "  -    			00.000.132
20180223 09445739  "  -    		00.000.896
20180223 09445739  " auth  		New session admin/83538986 created at 127.0.0.1/-216172780503171071 using Mozilla/5.0 (Windows; mORMot 1.18 TWinHTTP)
20180223 09445739  " auth  		New session anonymous/83538981 created at 127.0.0.1/-216172780503171071 using Mozilla/5.0 (Windows; mORMot 1.18 TWinHTTP)
20180223 09445739  "  -    	00.291.826
20180223 09445739  "  -    00.291.843
20180223 09445739  ! srvr  	ubServer.TubServer(04DDE5C0) {"THttpApiServer(04D0AA80)":{"Cloned":false,"RegisteredUrl":"http://+:888/","HTTPQueueLength":1000,"MaxBandwidth":-1,"MaxConnections":-1,"APIVersion":"HTTP API 2.0","ServerName":"UnityBase","ProcessName":""}} initialized
20180223 09445739  !  -    00.311.542
20180223 09450959  "  +    internalCall
20180223 09450959  " http  	127.0.0.1 -> GET 
20180223 09450959  " call  	endpoint statics
20180223 09451007  " http  	127.0.0.1 <- 200
20180223 09451007  "  -    00.162.754
20180223 09451203  #  +    favicon.ico
20180223 09451203  # http  	127.0.0.1 -> GET favicon.ico
20180223 09451203  # debug 	Create new JavaScript Engine for thread 3164
20180223 09451217  # call  	endpoint statics
20180223 09451217  # ERROR 	Requested file "C:\Users\dovorob\Desktop\Sedneva\helloWorldProject\helloWorldUB\favicon.ico" not found
20180223 09451217  # ERROR 	GET favicon.ico ERROR=404 (Not Found)
20180223 09451217  #  -    00.233.096
20180223 09485507  ! info  ubApp.TubApp(04D43EE0) {   "ClientsCurrent": 0,   "ClientsMax": 0,   "Invalid": 1,   "Responses": 1,   "Modified": 0,   "IncomingBytes": 775,   "OutcomingBytes": 278,   "OutcomingFiles": 2,   "ServiceCalls": 2,   "ProcessTime": "395.88ms"  }
20180223 09485514  ! warn  WebSocket support are disabled because WSServer.host = '' in config
20180223 09485514  !  +    ubServer.TubServer(04DDE520).008863DB 
20180223 09485514  !  +    	Init app
20180223 09485514  ! srvr  		FTS is disabled
20180223 09485514  ! info  		Check blob store "avatars" folder "C:\Users\dovorob\Desktop\Sedneva\helloWorldProject\helloWorldUB\avatars\": folder exists
20180223 09485514  !  -    	00.000.336
20180223 09485514  !  +    	Folder C:\Users\dovorob\Desktop\Sedneva\helloWorldProject\helloWorldUB\node_modules\@unitybase\ub\ modified
20180223 09485514  !  +    		ubCommonClasses.TubThreadSafeCache(04DDCB30).removeStartsWith
20180223 09485514  !  -    		00.000.001
20180223 09485514  !  -    	00.000.007
20180223 09485514  !  +    	Folder C:\Users\dovorob\Desktop\Sedneva\helloWorldProject\helloWorldUB\node_modules\@unitybase\uba\ modified
20180223 09485514  !  +    		ubCommonClasses.TubThreadSafeCache(04DDCB30).removeStartsWith
20180223 09485514  !  -    		00.000.001
20180223 09485514  !  -    	00.000.006
20180223 09485514  !  +    	Folder C:\Users\dovorob\Desktop\Sedneva\helloWorldProject\helloWorldUB\node_modules\@unitybase\ubs\ modified
20180223 09485514  !  +    		ubCommonClasses.TubThreadSafeCache(04DDCB30).removeStartsWith
20180223 09485514  !  -    		00.000.001
20180223 09485514  !  -    	00.000.007
20180223 09485514  !  +    	Folder C:\Users\dovorob\Desktop\Sedneva\helloWorldProject\helloWorldUB\node_modules\@unitybase\ubm\ modified
20180223 09485514  !  +    		ubCommonClasses.TubThreadSafeCache(04DDCB30).removeStartsWith
20180223 09485514  !  -    		00.000.001
20180223 09485514  !  -    	00.000.007
20180223 09485514  !  +    	Folder C:\Users\dovorob\Desktop\Sedneva\helloWorldProject\helloWorldUB\_public_only_\ modified
20180223 09485514  !  +    		ubCommonClasses.TubThreadSafeCache(04DDCB30).removeStartsWith
20180223 09485514  !  -    		00.000.001
20180223 09485514  !  -    	00.000.007
20180223 09485514  !  +    	Folder C:\Users\dovorob\Desktop\Sedneva\helloWorldProject\helloWorldUB\node_modules\@unitybase\adminui-reg\ modified
20180223 09485514  !  +    		ubCommonClasses.TubThreadSafeCache(04DDCB30).removeStartsWith
20180223 09485514  !  -    		00.000.001
20180223 09485514  !  -    	00.000.007
20180223 09485514  !  +    	Folder C:\Users\dovorob\Desktop\Sedneva\helloWorldProject\helloWorldUB\ modified
20180223 09485514  ! debug 		refresh UB_STATIC.staticFoldersModifyDate in globalCache (static directory C:\Users\dovorob\Desktop\Sedneva\helloWorldProject\helloWorldUB\ changed)
20180223 09485514  !  +    		ubCommonClasses.TubThreadSafeCache(04DDCB30).removeStartsWith
20180223 09485514  !  -    		00.000.001
20180223 09485514  !  -    	00.000.010
20180223 09485514  !  +    	ubApp.TubApp(04D43EE0).init
20180223 09485514  ! srvr  		Mime converters are disabled
20180223 09485514  !  -    	00.000.002
20180223 09485514  ! srvr  	Enable zip compresison
20180223 09485514  ! srvr  	Send initialization request to http://localhost:888/init
20180223 09485514  $  +    InitializationRequest
20180223 09485514  $  +    	init
20180223 09485514  $ srvr  		Start application intialization...
20180223 09485514  $ info  		Loading domain...
20180223 09485514  $ info  		Loading model "UB" from "C:\Users\dovorob\Desktop\Sedneva\helloWorldProject\helloWorldUB\node_modules\@unitybase\ub\"
20180223 09485514  $ info  		Loading model "UBA" from "C:\Users\dovorob\Desktop\Sedneva\helloWorldProject\helloWorldUB\node_modules\@unitybase\uba\"
20180223 09485515  $  +    		ubApp.TubDataStore(0811A7E8).Init
20180223 09485515  $  +    			ubApp.TubApp(04D43EE0).DBExecute
20180223 09485515  $  +    				ubApp.TubApp(04D43EE0).TubApp.InternalDBExecute
20180223 09485515  $  +    					00856EC2 
20180223 09485515  $  -    					00.001.618
20180223 09485515  $ SQL   					ubDBSQLite3ThreadSafe.TubSQLite3Statement(04DF6610) PRAGMA foreign_keys = ON
20180223 09485515  $ SQL   					ubDBSQLite3ThreadSafe.TubSQLite3Statement(04DF5890) SELECT A01.ID,A01.entity,A01.state,A01.attribute,A01.roleName,A01.actions  FROM uba_als A01  ORDER BY A01.entity ASC
20180223 09485515  $  -    				00.001.680
20180223 09485515  $  -    			00.001.722
20180223 09485515  $ debug 			Query result for entity "uba_als" into data name "": row count=0
20180223 09485515  $  -    		00.001.737
20180223 09485515  $ srvr  		The domain loaded successfully with 0 entities
20180223 09485515  $ debug 		Create new JavaScript Engine for thread 2980
20180223 09485531  $  +    		008C234A 
20180223 09485531  $  +    			ubApp.TubDataStore(080CF2B0).Init
20180223 09485531  $  +    				ubApp.TubApp(04D43EE0).DBExecute
20180223 09485531  $  +    					ubApp.TubApp(04D43EE0).TubApp.InternalDBExecute
20180223 09485531  $ SQL   						ubDBSQLite3ThreadSafe.TubSQLite3Statement(04DF5EF0) SELECT A01.ID,A01.name,A01.sessionTimeout,A01.allowedAppMethods  FROM uba_role A01 
20180223 09485531  $  -    					00.000.063
20180223 09485531  $  -    				00.000.145
20180223 09485531  $ debug 				Query result for entity "uba_role" into data name "": row count=7
20180223 09485531  $  -    			00.000.159
20180223 09485531  $  +    			ubApp.TubDataStore(080CF328).Init
20180223 09485531  $  +    				ubApp.TubApp(04D43EE0).DBExecute
20180223 09485531  $  +    					ubApp.TubApp(04D43EE0).TubApp.InternalDBExecute
20180223 09485531  $ SQL   						ubDBSQLite3ThreadSafe.TubSQLite3Statement(04DF5F50) SELECT A01.ID,A01.entityMask,A01.methodMask,A01.ruleType,A01.ruleRole,A01.disabled,A01.code  FROM uba_els A01 
20180223 09485531  $  -    					00.000.045
20180223 09485531  $  -    				00.000.112
20180223 09485531  $ debug 				Query result for entity "uba_els" into data name "": row count=14
20180223 09485531  $  -    			00.000.125
20180223 09485531  $  -    		00.000.845
20180223 09485531  $ auth  		New session admin/83776900 created at 127.0.0.1/-72057583837380605 using Mozilla/5.0 (Windows; mORMot 1.18 TWinHTTP)
20180223 09485531  $ auth  		New session anonymous/83776903 created at 127.0.0.1/-72057583837380605 using Mozilla/5.0 (Windows; mORMot 1.18 TWinHTTP)
20180223 09485531  $  -    	00.264.487
20180223 09485531  $  -    00.264.498
20180223 09485531  ! srvr  	ubServer.TubServer(04DDE520) {"THttpApiServer(04D0AA80)":{"Cloned":false,"RegisteredUrl":"http://+:888/","HTTPQueueLength":1000,"MaxBandwidth":-1,"MaxConnections":-1,"APIVersion":"HTTP API 2.0","ServerName":"UnityBase","ProcessName":""}} initialized
20180223 09485531  !  -    00.271.635
20180223 09490219  $  +    internalCall
20180223 09490219  $ http  	127.0.0.1 -> GET 
20180223 09490219  $ call  	endpoint statics
20180223 09490219  $ http  	127.0.0.1 <- 200
20180223 09490219  $  -    00.000.566
20180223 09490229  %  +    clientRequire/lodash/lodash.min.js
20180223 09490229  % http  	127.0.0.1 -> GET clientRequire/lodash/lodash.min.js
20180223 09490229  % debug 	Create new JavaScript Engine for thread 9112
20180223 09490229  &  +    clientRequire/@unitybase/ub-pub/dist/ub-pub.min.js
20180223 09490229  & http  	127.0.0.1 -> GET clientRequire/@unitybase/ub-pub/dist/ub-pub.min.js
20180223 09490233  & debug 	Create new JavaScript Engine for thread 8748
20180223 09490247  % call  	endpoint clientRequire
20180223 09490247  % info  	Call clientRequire 
20180223 09490251  % http  	127.0.0.1 <- 200
20180223 09490251  %  -    00.343.157
20180223 09490252  & call  	endpoint clientRequire
20180223 09490252  & info  	Call clientRequire 
20180223 09490252  & ERROR 	Package @unitybase/ub-pub/dist/ub-pub.min.js not found 
20180223 09490252  & ERROR 	Not found "@unitybase/ub-pub/dist/ub-pub.min.js" 
20180223 09490252  &  -    00.371.014
20180223 09490509  '  +    internalCall
20180223 09490509  ' http  	127.0.0.1 -> GET 
20180223 09490509  ' debug 	Create new JavaScript Engine for thread 9096
20180223 09490524  ' call  	endpoint statics
20180223 09490524  ' http  	127.0.0.1 <- 200
20180223 09490524  '  -    00.245.139
20180223 09490525  (  +    clientRequire/lodash/lodash.min.js
20180223 09490525  ( http  	127.0.0.1 -> GET clientRequire/lodash/lodash.min.js
20180223 09490525  ( debug 	Create new JavaScript Engine for thread 6820
20180223 09490525  )  +    clientRequire/@unitybase/ub-pub/dist/ub-pub.min.js
20180223 09490525  ) http  	127.0.0.1 -> GET clientRequire/@unitybase/ub-pub/dist/ub-pub.min.js
20180223 09490529  ) debug 	Create new JavaScript Engine for thread 1424
20180223 09490544  ( call  	endpoint clientRequire
20180223 09490544  ( info  	Call clientRequire 
20180223 09490544  ( http  	127.0.0.1 <- 200
20180223 09490544  (  -    00.297.076
20180223 09490548  ) call  	endpoint clientRequire
20180223 09490548  ) info  	Call clientRequire 
20180223 09490548  ) ERROR 	Package @unitybase/ub-pub/dist/ub-pub.min.js not found 
20180223 09490548  ) ERROR 	Not found "@unitybase/ub-pub/dist/ub-pub.min.js" 
20180223 09490548  )  -    00.362.747
20180223 09503711  ! info  ubApp.TubApp(04D43EE0) {   "ClientsCurrent": 0,   "ClientsMax": 0,   "Invalid": 2,   "Responses": 4,   "Modified": 0,   "IncomingBytes": 2324,   "OutcomingBytes": 742,   "OutcomingFiles": 4,   "ServiceCalls": 6,   "ProcessTime": "1.61s"  }
