c:\UnityBase\ub.exe 4.0.0.0 (2018-02-22 17:30:16)Host=DESKTOP-GAR5TAF User=dovorob CPU=4*9-6-10759:FFFBEBBFBFE3BA1D0000000000 OS=23.0=10.0.16299 Wow64=1 Freq=2240995Environment variables=ALLUSERSPROFILE=C:\ProgramData	ANSICON=170x1000 (170x39)	ANSICON_DEF=7	APPDATA=C:\Users\dovorob\AppData\Roaming	CommonProgramFiles=C:\Program Files (x86)\Common Files	CommonProgramFiles(x86)=C:\Program Files (x86)\Common Files	CommonProgramW6432=C:\Program Files\Common Files	COMPUTERNAME=DESKTOP-GAR5TAF	ComSpec=C:\WINDOWS\system32\cmd.exe	ConEmuANSI=ON	ConEmuAnsiLog=	ConEmuArgs=	ConEmuArgs2=	ConEmuBackHWND=0x002D0662	ConEmuBaseDir=C:\Program Files\ConEmu\ConEmu	ConEmuBuild=161206	ConEmuConfig=	ConEmuDir=C:\Program Files\ConEmu	ConEmuDrawHWND=0x001D02DC	ConEmuDrive=C:	ConEmuHooks=Enabled	ConEmuHWND=0x000C0556	ConEmuPalette=<ConEmu>	ConEmuPID=8716	ConEmuServerPID=10060	ConEmuTask={Far}	ConEmuWorkDir=C:\Users\dovorob	ConEmuWorkDrive=C:	FARHOME=C:\Program Files\Far Manager	FARLANG=English	FARLOCALPROFILE=C:\Users\dovorob\AppData\Local\Far Manager\Profile	FARPROFILE=C:\Users\dovorob\AppData\Roaming\Far Manager\Profile	FSHARPINSTALLDIR=C:\Program Files (x86)\Microsoft SDKs\F#\4.1\Framework\v4.0\	HOMEDRIVE=C:	HOMEPATH=\Users\dovorob	LOCALAPPDATA=C:\Users\dovorob\AppData\Local	LOGONSERVER=\\DESKTOP-GAR5TAF	MSMPI_BIN=C:\Program Files\Microsoft MPI\Bin\	NUMBER_OF_PROCESSORS=4	OneDrive=C:\Users\dovorob\OneDrive	OS=Windows_NT	Path=C:\Program Files\ConEmu\ConEmu\Scripts;C:\Program Files\ConEmu;C:\Program Files\ConEmu\ConEmu;C:\Program Files\Microsoft MPI\Bin\;C:\WINDOWS\system32;C:\WINDOWS;C:\WINDOWS\System32\Wbem;C:\WINDOWS\System32\WindowsPowerShell\v1.0\;C:\Program Files (x86)\NVIDIA Corporation\PhysX\Common;C:\Program Files\Microsoft Windows Performance Toolkit\;C:\Program Files\dotnet\;C:\Program Files\Microsoft SQL Server\130\Tools\Binn\;C:\Program Files\Microsoft SQL Server\Client SDK\ODBC\130\Tools\Binn\;C:\Program Files (x86)\Microsoft SQL Server\140\Tools\Binn\;C:\Program Files\Microsoft SQL Server\140\Tools\Binn\;C:\Program Files\Microsoft SQL Server\140\DTS\Binn\;C:\Program Files (x86)\Microsoft SQL Server\Client SDK\ODBC\130\Tools\Binn\;C:\Program Files (x86)\Microsoft SQL Server\140\DTS\Binn\;C:\Program Files (x86)\Microsoft SQL Server\140\Tools\Binn\ManagementStudio\;C:\Program Files\nodejs\;c:\UnityBase;C:\Users\dovorob\AppData\Local\Microsoft\WindowsApps;C:\Users\dovorob\AppData\Roaming\npm	PATHEXT=.COM;.EXE;.BAT;.CMD;.VBS;.VBE;.JS;.JSE;.WSF;.WSH;.MSC	PROCESSOR_ARCHITECTURE=x86	PROCESSOR_ARCHITEW6432=AMD64	PROCESSOR_IDENTIFIER=Intel64 Family 6 Model 42 Stepping 7, GenuineIntel	PROCESSOR_LEVEL=6	PROCESSOR_REVISION=2a07	ProgramData=C:\ProgramData	ProgramFiles=C:\Program Files (x86)	ProgramFiles(x86)=C:\Program Files (x86)	ProgramW6432=C:\Program Files	PSModulePath=C:\Program Files\WindowsPowerShell\Modules;C:\WINDOWS\system32\WindowsPowerShell\v1.0\Modules;C:\Program Files (x86)\Microsoft SQL Server\140\Tools\PowerShell\Modules\	PUBLIC=C:\Users\Public	SESSIONNAME=Console	SystemDrive=C:	SystemRoot=C:\WINDOWS	TEMP=C:\Users\dovorob\AppData\Local\Temp	TMP=C:\Users\dovorob\AppData\Local\Temp	UB_HOME=c:\UnityBase	USERDOMAIN=DESKTOP-GAR5TAF	USERDOMAIN_ROAMINGPROFILE=DESKTOP-GAR5TAF	USERNAME=dovorob	USERPROFILE=C:\Users\dovorob	VBOX_MSI_INSTALL_PATH=C:\Program Files\Oracle\VirtualBox\	windir=C:\WINDOWSTubLog 1.18.3488 FTS3 2018-02-23T09:57:4720180223 09574737  ! warn  WebSocket support are disabled because WSServer.host = '' in config
20180223 09574737  !  +    ubServer.TubServer(04C5E5C0).008863DB 
20180223 09574737  !  +    	Init app
20180223 09574737  ! srvr  		FTS is disabled
20180223 09574737  ! info  		Check blob store "avatars" folder "C:\Users\dovorob\Desktop\Sedneva\helloWorldProject\helloWorldUB\avatars\": folder exists
20180223 09574737  !  -    	00.000.409
20180223 09574737  !  +    	Folder C:\Users\dovorob\Desktop\Sedneva\helloWorldProject\helloWorldUB\node_modules\@unitybase\ub\ modified
20180223 09574737  !  +    		ubCommonClasses.TubThreadSafeCache(04C5CB30).removeStartsWith
20180223 09574737  !  -    		00.000.006
20180223 09574737  !  -    	00.000.012
20180223 09574737  !  +    	Folder C:\Users\dovorob\Desktop\Sedneva\helloWorldProject\helloWorldUB\node_modules\@unitybase\uba\ modified
20180223 09574737  !  +    		ubCommonClasses.TubThreadSafeCache(04C5CB30).removeStartsWith
20180223 09574737  !  -    		00.000.001
20180223 09574737  !  -    	00.000.007
20180223 09574737  !  +    	Folder C:\Users\dovorob\Desktop\Sedneva\helloWorldProject\helloWorldUB\node_modules\@unitybase\ubs\ modified
20180223 09574737  !  +    		ubCommonClasses.TubThreadSafeCache(04C5CB30).removeStartsWith
20180223 09574737  !  -    		00.000.001
20180223 09574737  !  -    	00.000.007
20180223 09574737  !  +    	Folder C:\Users\dovorob\Desktop\Sedneva\helloWorldProject\helloWorldUB\node_modules\@unitybase\ubm\ modified
20180223 09574737  !  +    		ubCommonClasses.TubThreadSafeCache(04C5CB30).removeStartsWith
20180223 09574737  !  -    		00.000.001
20180223 09574737  !  -    	00.000.008
20180223 09574737  !  +    	Folder C:\Users\dovorob\Desktop\Sedneva\helloWorldProject\helloWorldUB\_public_only_\ modified
20180223 09574737  !  +    		ubCommonClasses.TubThreadSafeCache(04C5CB30).removeStartsWith
20180223 09574737  !  -    		00.000.001
20180223 09574737  !  -    	00.000.008
20180223 09574737  !  +    	Folder C:\Users\dovorob\Desktop\Sedneva\helloWorldProject\helloWorldUB\node_modules\@unitybase\adminui-reg\ modified
20180223 09574737  !  +    		ubCommonClasses.TubThreadSafeCache(04C5CB30).removeStartsWith
20180223 09574737  !  -    		00.000.001
20180223 09574737  !  -    	00.000.007
20180223 09574737  !  +    	Folder C:\Users\dovorob\Desktop\Sedneva\helloWorldProject\helloWorldUB\ modified
20180223 09574737  ! debug 		refresh UB_STATIC.staticFoldersModifyDate in globalCache (static directory C:\Users\dovorob\Desktop\Sedneva\helloWorldProject\helloWorldUB\ changed)
20180223 09574737  !  +    		ubCommonClasses.TubThreadSafeCache(04C5CB30).removeStartsWith
20180223 09574737  !  -    		00.000.001
20180223 09574737  !  -    	00.000.010
20180223 09574737  !  +    	ubApp.TubApp(04BC3EE0).init
20180223 09574737  ! srvr  		Mime converters are disabled
20180223 09574737  !  -    	00.000.002
20180223 09574738  ! srvr  	Enable zip compresison
20180223 09574738  ! srvr  	Send initialization request to http://localhost:888/init
20180223 09574738  "  +    InitializationRequest
20180223 09574738  "  +    	init
20180223 09574738  " srvr  		Start application intialization...
20180223 09574738  " info  		Loading domain...
20180223 09574738  " info  		Loading model "UB" from "C:\Users\dovorob\Desktop\Sedneva\helloWorldProject\helloWorldUB\node_modules\@unitybase\ub\"
20180223 09574738  " info  		Loading model "UBA" from "C:\Users\dovorob\Desktop\Sedneva\helloWorldProject\helloWorldUB\node_modules\@unitybase\uba\"
20180223 09574739  " info  		Loading model "UBS" from "C:\Users\dovorob\Desktop\Sedneva\helloWorldProject\helloWorldUB\node_modules\@unitybase\ubs\"
20180223 09574739  " info  		Loading model "UBM" from "C:\Users\dovorob\Desktop\Sedneva\helloWorldProject\helloWorldUB\node_modules\@unitybase\ubm\"
20180223 09574740  " info  		Loading model "adminui-reg" from "C:\Users\dovorob\Desktop\Sedneva\helloWorldProject\helloWorldUB\node_modules\@unitybase\adminui-reg\"
20180223 09574740  "  +    		ubApp.TubDataStore(06258F20).Init
20180223 09574740  "  +    			ubApp.TubApp(04BC3EE0).DBExecute
20180223 09574740  "  +    				ubApp.TubApp(04BC3EE0).TubApp.InternalDBExecute
20180223 09574740  "  +    					00856EC2 
20180223 09574741  "  -    					00.004.460
20180223 09574741  " SQL   					ubDBSQLite3ThreadSafe.TubSQLite3Statement(04C74E10) PRAGMA foreign_keys = ON
20180223 09574741  " SQL   					ubDBSQLite3ThreadSafe.TubSQLite3Statement(04C765B0) SELECT A01.ID,A01.entity,A01.state,A01.attribute,A01.roleName,A01.actions  FROM uba_als A01  ORDER BY A01.entity ASC
20180223 09574741  "  -    				00.004.601
20180223 09574741  "  -    			00.004.674
20180223 09574741  " debug 			Query result for entity "uba_als" into data name "": row count=0
20180223 09574741  "  -    		00.004.858
20180223 09574741  " srvr  		The domain loaded successfully with 0 entities
20180223 09574741  " debug 		Create new JavaScript Engine for thread 5688
20180223 09574807  "  +    		008C234A 
20180223 09574807  "  +    			ubApp.TubDataStore(06264F28).Init
20180223 09574807  "  +    				ubApp.TubApp(04BC3EE0).DBExecute
20180223 09574807  "  +    					ubApp.TubApp(04BC3EE0).TubApp.InternalDBExecute
20180223 09574807  " SQL   						ubDBSQLite3ThreadSafe.TubSQLite3Statement(04C76C70) SELECT A01.ID,A01.name,A01.sessionTimeout,A01.allowedAppMethods  FROM uba_role A01 
20180223 09574807  "  -    					00.000.062
20180223 09574807  "  -    				00.000.149
20180223 09574807  " debug 				Query result for entity "uba_role" into data name "": row count=7
20180223 09574807  "  -    			00.000.166
20180223 09574807  "  +    			ubApp.TubDataStore(06264FA0).Init
20180223 09574807  "  +    				ubApp.TubApp(04BC3EE0).DBExecute
20180223 09574807  "  +    					ubApp.TubApp(04BC3EE0).TubApp.InternalDBExecute
20180223 09574807  " SQL   						ubDBSQLite3ThreadSafe.TubSQLite3Statement(04C76C10) SELECT A01.ID,A01.entityMask,A01.methodMask,A01.ruleType,A01.ruleRole,A01.disabled,A01.code  FROM uba_els A01 
20180223 09574807  "  -    					00.000.044
20180223 09574807  "  -    				00.000.112
20180223 09574807  " debug 				Query result for entity "uba_els" into data name "": row count=14
20180223 09574807  "  -    			00.000.129
20180223 09574807  "  -    		00.001.208
20180223 09574807  " auth  		New session admin/84309276 created at 127.0.0.1/-72057592427315187 using Mozilla/5.0 (Windows; mORMot 1.18 TWinHTTP)
20180223 09574807  " auth  		New session anonymous/84309279 created at 127.0.0.1/-72057592427315187 using Mozilla/5.0 (Windows; mORMot 1.18 TWinHTTP)
20180223 09574807  "  +    		ubApp.TubDataStore(06264FF0).Init
20180223 09574807  "  +    			ubApp.TubApp(04BC3EE0).DBExecute
20180223 09574807  "  +    				ubApp.TubApp(04BC3EE0).TubApp.InternalDBExecute
20180223 09574807  " debug 					P1: String(34)	UBA.passwordPolicy.maxDurationDays
20180223 09574807  " SQL   					ubDBSQLite3ThreadSafe.TubSQLite3Statement(04C76D30) select settingValue from ubs_settings where settingKey =?
20180223 09574807  "  -    				00.000.045
20180223 09574807  "  -    			00.000.091
20180223 09574807  " debug 			Query result for entity "ubs_settings" into data name "": row count=0
20180223 09574807  "  -    		00.000.103
20180223 09574807  "  +    		ubApp.TubDataStore(06264FF0).Init
20180223 09574807  "  +    			ubApp.TubApp(04BC3EE0).DBExecute
20180223 09574807  "  +    				ubApp.TubApp(04BC3EE0).TubApp.InternalDBExecute
20180223 09574807  " debug 					P1: String(37)	UBA.passwordPolicy.maxInvalidAttempts
20180223 09574807  " SQL   					ubDBSQLite3ThreadSafe.TubSQLite3Statement(04C76D30) select settingValue from ubs_settings where settingKey =?
20180223 09574807  "  -    				00.000.013
20180223 09574807  "  -    			00.000.037
20180223 09574807  " debug 			Query result for entity "ubs_settings" into data name "": row count=0
20180223 09574807  "  -    		00.000.045
20180223 09574807  "  -    	00.510.041
20180223 09574807  "  -    00.510.058
20180223 09574807  ! srvr  	ubServer.TubServer(04C5E5C0) {"THttpApiServer(04B8AA80)":{"Cloned":false,"RegisteredUrl":"http://+:888/","HTTPQueueLength":1000,"MaxBandwidth":-1,"MaxConnections":-1,"APIVersion":"HTTP API 2.0","ServerName":"UnityBase","ProcessName":""}} initialized
20180223 09574807  !  -    00.523.754
20180223 09575212  "  +    internalCall
20180223 09575212  " http  	127.0.0.1 -> GET 
20180223 09575212  " call  	endpoint statics
20180223 09575212  " http  	127.0.0.1 <- 200
20180223 09575212  "  -    00.000.633
20180223 09575214  #  +    clientRequire/lodash/lodash.min.js
20180223 09575214  # http  	127.0.0.1 -> GET clientRequire/lodash/lodash.min.js
20180223 09575214  # debug 	Create new JavaScript Engine for thread 3340
20180223 09575214  $  +    clientRequire/@unitybase/ub-pub/dist/ub-pub.min.js
20180223 09575214  $ http  	127.0.0.1 -> GET clientRequire/@unitybase/ub-pub/dist/ub-pub.min.js
20180223 09575218  $ debug 	Create new JavaScript Engine for thread 4432
20180223 09575236  # call  	endpoint clientRequire
20180223 09575236  # info  	Call clientRequire 
20180223 09575240  # http  	127.0.0.1 <- 200
20180223 09575240  #  -    00.428.280
20180223 09575240  $ call  	endpoint clientRequire
20180223 09575240  $ info  	Call clientRequire 
20180223 09575246  $ http  	127.0.0.1 <- 200
20180223 09575246  $  -    00.515.521
20180223 09575252  %  +    getAppInfo
20180223 09575252  % http  	127.0.0.1 -> GET getAppInfo
20180223 09575252  % debug 	Create new JavaScript Engine for thread 5092
20180223 09575309  % call  	endpoint getAppInfo
20180223 09575309  % http  	127.0.0.1 <- 200
20180223 09575309  %  -    00.316.645
20180223 09575331  &  +    auth?AUTHTYPE=UB&userName=admin
20180223 09575331  & http  	127.0.0.1 -> POST auth?AUTHTYPE=UB&userName=admin
20180223 09575331  & debug 	Create new JavaScript Engine for thread 9032
20180223 09575349  & call  	endpoint auth
20180223 09575349  & http  	127.0.0.1 <- 200
20180223 09575349  &  -    00.280.561
20180223 09575349  '  +    auth?AUTHTYPE=UB&clientNonce=4bdfc18c290b9974e59d08b827e68ca0dabec0d7eb282fdb85478d71bfa06fdd&password=f66afc75249c519a5b2f6c93c45111488a431a86c89a4f64f59d01015325e564&userName=admin
20180223 09575349  ' http  	127.0.0.1 -> POST auth?AUTHTYPE=UB&clientNonce=4bdfc18c290b9974e59d08b827e68ca0dabec0d7eb282fdb85478d71bfa06fdd&password=f66afc75249c519a5b2f6c93c45111488a431a86c89a4f64f59d01015325e564&userName=admin
20180223 09575349  ' debug 	Create new JavaScript Engine for thread 10088
20180223 09575404  ' call  	endpoint auth
20180223 09575404  '  +    	ubApp.TubDataStore(0715DAE8).Init
20180223 09575404  '  +    		ubApp.TubApp(04BC3EE0).DBExecute
20180223 09575404  '  +    			ubApp.TubApp(04BC3EE0).TubApp.InternalDBExecute
20180223 09575404  '  +    				00856EC2 
20180223 09575404  '  -    				00.001.863
20180223 09575404  ' SQL   				ubDBSQLite3ThreadSafe.TubSQLite3Statement(04C77E70) PRAGMA foreign_keys = ON
20180223 09575404  ' debug 				P1: String(5)	admin
20180223 09575404  ' SQL   				ubDBSQLite3ThreadSafe.TubSQLite3Statement(04C77E10) select id, name, uPasswordHashHexa, uData, isPending, trustedIP from UBA_USER where name=? and disabled=0
20180223 09575404  '  -    			00.001.939
20180223 09575404  '  -    		00.002.021
20180223 09575404  ' debug 		Query result for entity "uba_user" into data name "": row count=1
20180223 09575404  '  -    	00.002.045
20180223 09575404  '  +    	ubApp.TubDataStore(0715DB10).Init
20180223 09575404  '  +    		ubApp.TubApp(04BC3EE0).DBExecute
20180223 09575404  '  +    			ubApp.TubApp(04BC3EE0).TubApp.InternalDBExecute
20180223 09575404  ' debug 				P1: Int64		10
20180223 09575404  ' SQL   				ubDBSQLite3ThreadSafe.TubSQLite3Statement(04C78230) SELECT A01.roleID,A02.name,A02.description  FROM uba_userrole A01  INNER JOIN uba_role A02 ON A02.ID=A01.roleID  WHERE A01.userID=?
20180223 09575404  '  -    			00.000.072
20180223 09575404  '  -    		00.000.193
20180223 09575404  ' debug 		Query result for entity "uba_userrole" into data name "": row count=1
20180223 09575404  '  -    	00.000.215
20180223 09575404  ' auth  	New session admin/84309278 created at 127.0.0.1/-72057588132347786 using Mozilla/5.0 (Windows NT 10.0; Win64; x64) AppleWebKit/537.36 (KHTML, like Gecko) Chrome/64.0.3282.167 Safari/537.36
20180223 09575404  '  +    	ubMixinClasses.TubStorageMixin(04C142C0).MixinMethod
20180223 09575404  ' debug 		uba_user.select(TubStorageMixin)
20180223 09575404  '  +    		ubApp.TubDataStore(0715DB10).Init
20180223 09575404  '  +    			ubApp.TubApp(04BC3EE0).DBExecute
20180223 09575404  '  +    				ubApp.TubApp(04BC3EE0).TubApp.InternalDBExecute
20180223 09575404  ' debug 					P1: Int64		10
20180223 09575404  ' SQL   					ubDBSQLite3ThreadSafe.TubSQLite3Statement(04C78350) SELECT A01.name  FROM uba_user A01  WHERE A01.ID=?
20180223 09575404  '  -    				00.000.061
20180223 09575404  '  -    			00.000.162
20180223 09575404  ' debug 			Query result for entity "uba_user" into data name "": row count=1
20180223 09575404  '  -    		00.000.176
20180223 09575404  '  -    	00.000.280
20180223 09575408  '  +    	ubMixinClasses.TubStorageMixin(04C142C0).MixinMethod
20180223 09575408  ' debug 		uba_advSecurity.select(TubStorageMixin)
20180223 09575408  '  +    		ubApp.TubDataStore(0715DB10).Init
20180223 09575408  '  +    			ubApp.TubApp(04BC3EE0).DBExecute
20180223 09575408  '  +    				ubApp.TubApp(04BC3EE0).TubApp.InternalDBExecute
20180223 09575408  ' debug 					P1: Int64		10
20180223 09575408  ' SQL   					ubDBSQLite3ThreadSafe.TubSQLite3Statement(04C783B0) SELECT A01.ID,A01.allowedIP,A01.refreshIP,A01.fp,A01.refreshFp,A01.keyMediaName,A01.refreshKeyMedia,A01.mi_modifyDate  FROM uba_advSecurity A01  WHERE A01.userID=?
20180223 09575408  '  -    				00.000.086
20180223 09575408  '  -    			00.000.178
20180223 09575408  ' debug 			Query result for entity "uba_advSecurity" into data name "": row count=0
20180223 09575408  '  -    		00.000.193
20180223 09575408  '  -    	00.000.351
20180223 09575408  '  +    	ubMixinClasses.TubStorageMixin(04C142C0).MixinMethod
20180223 09575408  ' debug 		uba_userrole.select(TubStorageMixin)
20180223 09575408  '  +    		ubApp.TubDataStore(0715DB10).Init
20180223 09575408  '  +    			ubApp.TubApp(04BC3EE0).DBExecute
20180223 09575408  '  +    				ubApp.TubApp(04BC3EE0).TubApp.InternalDBExecute
20180223 09575408  ' debug 					P1: Int64		10
20180223 09575408  ' SQL   					ubDBSQLite3ThreadSafe.TubSQLite3Statement(04C78410) SELECT A01.ID,A02.name,A01.roleID  FROM uba_userrole A01  INNER JOIN uba_role A02 ON A02.ID=A01.roleID  WHERE A01.userID=?
20180223 09575408  '  -    				00.000.083
20180223 09575408  '  -    			00.000.165
20180223 09575408  ' debug 			Query result for entity "uba_userrole" into data name "": row count=1
20180223 09575408  '  -    		00.000.178
20180223 09575408  '  -    	00.000.278
20180223 09575408  '  +    	ubMixinClasses.TubStorageMixin(04C142C0).MixinMethod
20180223 09575408  ' debug 		uba_audit.beforeinsert(TubStorageMixin)
20180223 09575408  '  -    	00.000.014
20180223 09575408  '  +    	ubMixinClasses.TubStorageMixin(04C142C0).MixinMethod
20180223 09575408  ' debug 		uba_audit.insert(TubStorageMixin)
20180223 09575408  '  +    		ubApp.TubDataStore(0715D8E0).TubDataStore.ExecuteInsertFromList
20180223 09575408  '  +    			ubApp.TubDataStore(0715D8E0).TubDataStore.ExecuteInsertFromSQL
20180223 09575408  '  +    				ubApp.TubApp(04BC3EE0).DBExecute
20180223 09575408  '  +    					ubApp.TubApp(04BC3EE0).TubApp.InternalDBExecute
20180223 09575408  ' debug 						P1: String(8)	uba_user
20180223 09575408  ' debug 						P2: Int64		10
20180223 09575408  ' debug 						P3: String(5)	LOGIN
20180223 09575408  ' debug 						P4: Int64		10
20180223 09575408  ' debug 						P5: DateTime	2018-02-23T09:57:54
20180223 09575408  ' debug 						P6: String(9)	127.0.0.1
20180223 09575408  ' debug 						P7: String(5)	admin
20180223 09575408  ' debug 						P8: Int64		335218112233473
20180223 09575408  ' debug 						P9: String(388..)	Connection: keep-alive  Content-Length: 0  Accept: application/json, text/plain, */*  Accept-Encodin...
20180223 09575408  ' DB    						StartTransaction for connection "main"
20180223 09575408  ' SQL   						ubDBSQLite3ThreadSafe.TubSQLite3Statement(04C784D0) INSERT INTO uba_audit (entity,entityinfo_id,actionType,actionUser,actionTime,remoteIP,targetUser,ID,fromValue) VALUES (?,?,?,?,?,?,?,?,?)
20180223 09575408  '  -    					00.000.315
20180223 09575408  '  -    				00.000.319
20180223 09575408  '  -    			00.000.466
20180223 09575408  '  -    		00.000.486
20180223 09575408  '  -    	00.000.493
20180223 09575408  '  +    	ubMixinClasses.TubStorageMixin(04C142C0).MixinMethod
20180223 09575408  ' debug 		uba_audit.afterinsert(TubStorageMixin)
20180223 09575408  '  -    	00.000.010
20180223 09575408  ' DB    	Commit connection "main"
20180223 09575408  ' http  	127.0.0.1 <- 200
20180223 09575408  '  -    00.350.157
20180223 09575413  (  +    getDomainInfo?userName=admin&v=4
20180223 09575413  ( http  	127.0.0.1 -> GET getDomainInfo?userName=admin&v=4
20180223 09575413  ( debug 	Create new JavaScript Engine for thread 6100
20180223 09575431  ( auth  	admin/84309278
20180223 09575431  ( call  	endpoint getDomainInfo
20180223 09575431  ( http  	127.0.0.1 <- 200
20180223 09575431  (  -    00.284.058
20180223 09575434  )  +    ubql
20180223 09575434  ) http  	127.0.0.1 -> POST ubql
20180223 09575434  ) http  	[{"entity":"uba_user","method":"select","fieldList":["ID","name","uData"]}]
20180223 09575434  ) debug 	Create new JavaScript Engine for thread 8276
20180223 09575447  "  +    internalCall
20180223 09575447  " http  	127.0.0.1 -> GET 
20180223 09575447  " call  	endpoint statics
20180223 09575447  " http  	127.0.0.1 <- 200
20180223 09575447  "  -    00.000.455
20180223 09575449  #  +    clientRequire/lodash/lodash.min.js
20180223 09575449  # http  	127.0.0.1 -> GET clientRequire/lodash/lodash.min.js
20180223 09575449  $  +    clientRequire/@unitybase/ub-pub/dist/ub-pub.min.js
20180223 09575449  $ http  	127.0.0.1 -> GET clientRequire/@unitybase/ub-pub/dist/ub-pub.min.js
20180223 09575449  $ call  	endpoint clientRequire
20180223 09575449  $ info  	Call clientRequire 
20180223 09575449  # call  	endpoint clientRequire
20180223 09575449  # info  	Call clientRequire 
20180223 09575449  $ http  	127.0.0.1 <- 200
20180223 09575449  $  -    00.001.195
20180223 09575449  # http  	127.0.0.1 <- 200
20180223 09575449  #  -    00.001.812
20180223 09575454  ) auth  	admin/84309278
20180223 09575454  ) call  	endpoint ubql
20180223 09575454  )  +    	ubMixinClasses.TubStorageMixin(04C142C0).MixinMethod
20180223 09575454  ) debug 		uba_user.select(TubStorageMixin)
20180223 09575454  )  +    		ubApp.TubDataStore(07163E98).Init
20180223 09575454  )  +    			ubApp.TubApp(04BC3EE0).DBExecute
20180223 09575454  )  +    				ubApp.TubApp(04BC3EE0).TubApp.InternalDBExecute
20180223 09575454  )  +    					00856EC2 
20180223 09575454  )  -    					00.002.418
20180223 09575454  ) SQL   					ubDBSQLite3ThreadSafe.TubSQLite3Statement(04C78BF0) PRAGMA foreign_keys = ON
20180223 09575454  ) SQL   					ubDBSQLite3ThreadSafe.TubSQLite3Statement(04C78B90) SELECT A01.ID,A01.name,A01.uData  FROM uba_user A01 
20180223 09575454  )  -    				00.002.478
20180223 09575454  )  -    			00.002.527
20180223 09575454  ) debug 			Query result for entity "uba_user" into data name "": row count=2
20180223 09575454  )  -    		00.002.544
20180223 09575454  )  -    	00.002.659
20180223 09575454  ) http  	127.0.0.1 <- 200
20180223 09575454  )  -    00.328.240
20180223 09575454  %  +    getAppInfo
20180223 09575454  % http  	127.0.0.1 -> GET getAppInfo
20180223 09575454  % call  	endpoint getAppInfo
20180223 09575455  % http  	127.0.0.1 <- 304
20180223 09575455  %  -    00.000.891
20180223 09575455  &  +    auth?AUTHTYPE=UB&userName=admin
20180223 09575455  & http  	127.0.0.1 -> POST auth?AUTHTYPE=UB&userName=admin
20180223 09575455  & call  	endpoint auth
20180223 09575455  & http  	127.0.0.1 <- 200
20180223 09575455  &  -    00.000.544
20180223 09575456  '  +    auth?AUTHTYPE=UB&clientNonce=4bdfc18c290b9974e59d08b827e68ca0dabec0d7eb282fdb85478d71bfa06fdd&password=f66afc75249c519a5b2f6c93c45111488a431a86c89a4f64f59d01015325e564&userName=admin
20180223 09575456  ' http  	127.0.0.1 -> POST auth?AUTHTYPE=UB&clientNonce=4bdfc18c290b9974e59d08b827e68ca0dabec0d7eb282fdb85478d71bfa06fdd&password=f66afc75249c519a5b2f6c93c45111488a431a86c89a4f64f59d01015325e564&userName=admin
20180223 09575456  ' call  	endpoint auth
20180223 09575456  '  +    	ubApp.TubDataStore(0713D878).Init
20180223 09575456  '  +    		ubApp.TubApp(04BC3EE0).DBExecute
20180223 09575456  '  +    			ubApp.TubApp(04BC3EE0).TubApp.InternalDBExecute
20180223 09575456  ' debug 				P1: String(5)	admin
20180223 09575456  ' SQL   				ubDBSQLite3ThreadSafe.TubSQLite3Statement(04C787D0) select id, name, uPasswordHashHexa, uData, isPending, trustedIP from UBA_USER where name=? and disabled=0
20180223 09575456  '  -    			00.000.128
20180223 09575456  '  -    		00.000.202
20180223 09575456  ' debug 		Query result for entity "uba_user" into data name "": row count=1
20180223 09575456  '  -    	00.000.224
20180223 09575456  '  +    	ubApp.TubDataStore(0715B220).Init
20180223 09575456  '  +    		ubApp.TubApp(04BC3EE0).DBExecute
20180223 09575456  '  +    			ubApp.TubApp(04BC3EE0).TubApp.InternalDBExecute
20180223 09575456  ' debug 				P1: Int64		10
20180223 09575456  ' SQL   				ubDBSQLite3ThreadSafe.TubSQLite3Statement(04C78230) SELECT A01.roleID,A02.name,A02.description  FROM uba_userrole A01  INNER JOIN uba_role A02 ON A02.ID=A01.roleID  WHERE A01.userID=?
20180223 09575456  '  -    			00.000.018
20180223 09575456  '  -    		00.000.067
20180223 09575456  ' debug 		Query result for entity "uba_userrole" into data name "": row count=1
20180223 09575456  '  -    	00.000.082
20180223 09575456  ' auth  	New session admin/84309273 created at 127.0.0.1/-216172767618269183 using Mozilla/5.0 (Windows NT 10.0; Win64; x64) AppleWebKit/537.36 (KHTML, like Gecko) Chrome/64.0.3282.167 Safari/537.36
20180223 09575456  '  +    	ubMixinClasses.TubStorageMixin(04C142C0).MixinMethod
20180223 09575456  ' debug 		uba_user.select(TubStorageMixin)
20180223 09575456  '  +    		ubApp.TubDataStore(0715B220).Init
20180223 09575456  '  +    			ubApp.TubApp(04BC3EE0).DBExecute
20180223 09575456  '  +    				ubApp.TubApp(04BC3EE0).TubApp.InternalDBExecute
20180223 09575456  ' debug 					P1: Int64		10
20180223 09575456  ' SQL   					ubDBSQLite3ThreadSafe.TubSQLite3Statement(04C78350) SELECT A01.name  FROM uba_user A01  WHERE A01.ID=?
20180223 09575456  '  -    				00.000.019
20180223 09575456  '  -    			00.000.082
20180223 09575456  ' debug 			Query result for entity "uba_user" into data name "": row count=1
20180223 09575456  '  -    		00.000.106
20180223 09575456  '  -    	00.000.218
20180223 09575456  '  +    	ubMixinClasses.TubStorageMixin(04C142C0).MixinMethod
20180223 09575456  ' debug 		uba_advSecurity.select(TubStorageMixin)
20180223 09575456  '  +    		ubApp.TubDataStore(0715B220).Init
20180223 09575456  '  +    			ubApp.TubApp(04BC3EE0).DBExecute
20180223 09575456  '  +    				ubApp.TubApp(04BC3EE0).TubApp.InternalDBExecute
20180223 09575456  ' debug 					P1: Int64		10
20180223 09575456  ' SQL   					ubDBSQLite3ThreadSafe.TubSQLite3Statement(04C783B0) SELECT A01.ID,A01.allowedIP,A01.refreshIP,A01.fp,A01.refreshFp,A01.keyMediaName,A01.refreshKeyMedia,A01.mi_modifyDate  FROM uba_advSecurity A01  WHERE A01.userID=?
20180223 09575456  '  -    				00.000.021
20180223 09575456  '  -    			00.000.061
20180223 09575456  ' debug 			Query result for entity "uba_advSecurity" into data name "": row count=0
20180223 09575456  '  -    		00.000.073
20180223 09575456  '  -    	00.000.217
20180223 09575456  '  +    	ubMixinClasses.TubStorageMixin(04C142C0).MixinMethod
20180223 09575456  ' debug 		uba_userrole.select(TubStorageMixin)
20180223 09575456  '  +    		ubApp.TubDataStore(0715B220).Init
20180223 09575456  '  +    			ubApp.TubApp(04BC3EE0).DBExecute
20180223 09575456  '  +    				ubApp.TubApp(04BC3EE0).TubApp.InternalDBExecute
20180223 09575456  ' debug 					P1: Int64		10
20180223 09575456  ' SQL   					ubDBSQLite3ThreadSafe.TubSQLite3Statement(04C78410) SELECT A01.ID,A02.name,A01.roleID  FROM uba_userrole A01  INNER JOIN uba_role A02 ON A02.ID=A01.roleID  WHERE A01.userID=?
20180223 09575456  '  -    				00.000.061
20180223 09575456  '  -    			00.000.124
20180223 09575456  ' debug 			Query result for entity "uba_userrole" into data name "": row count=1
20180223 09575456  '  -    		00.000.141
20180223 09575456  '  -    	00.000.285
20180223 09575456  '  +    	ubMixinClasses.TubStorageMixin(04C142C0).MixinMethod
20180223 09575456  ' debug 		uba_audit.beforeinsert(TubStorageMixin)
20180223 09575456  '  -    	00.000.008
20180223 09575456  '  +    	ubMixinClasses.TubStorageMixin(04C142C0).MixinMethod
20180223 09575456  ' debug 		uba_audit.insert(TubStorageMixin)
20180223 09575456  '  +    		ubApp.TubDataStore(0715D8E0).TubDataStore.ExecuteInsertFromList
20180223 09575456  '  +    			ubApp.TubDataStore(0715D8E0).TubDataStore.ExecuteInsertFromSQL
20180223 09575456  '  +    				ubApp.TubApp(04BC3EE0).DBExecute
20180223 09575456  '  +    					ubApp.TubApp(04BC3EE0).TubApp.InternalDBExecute
20180223 09575456  ' debug 						P1: String(8)	uba_user
20180223 09575456  ' debug 						P2: Int64		10
20180223 09575456  ' debug 						P3: String(5)	LOGIN
20180223 09575456  ' debug 						P4: Int64		10
20180223 09575456  ' debug 						P5: DateTime	2018-02-23T09:57:54
20180223 09575456  ' debug 						P6: String(9)	127.0.0.1
20180223 09575456  ' debug 						P7: String(5)	admin
20180223 09575456  ' debug 						P8: Int64		335218112331777
20180223 09575456  ' debug 						P9: String(388..)	Connection: keep-alive  Content-Length: 0  Accept: application/json, text/plain, */*  Accept-Encodin...
20180223 09575456  ' DB    						StartTransaction for connection "main"
20180223 09575456  ' SQL   						ubDBSQLite3ThreadSafe.TubSQLite3Statement(04C784D0) INSERT INTO uba_audit (entity,entityinfo_id,actionType,actionUser,actionTime,remoteIP,targetUser,ID,fromValue) VALUES (?,?,?,?,?,?,?,?,?)
20180223 09575456  '  -    					00.000.078
20180223 09575456  '  -    				00.000.081
20180223 09575456  '  -    			00.000.226
20180223 09575456  '  -    		00.000.247
20180223 09575456  '  -    	00.000.253
20180223 09575456  '  +    	ubMixinClasses.TubStorageMixin(04C142C0).MixinMethod
20180223 09575456  ' debug 		uba_audit.afterinsert(TubStorageMixin)
20180223 09575456  '  -    	00.000.005
20180223 09575456  ' DB    	Commit connection "main"
20180223 09575456  ' http  	127.0.0.1 <- 200
20180223 09575456  '  -    00.005.332
20180223 09575457  (  +    getDomainInfo?userName=admin&v=4
20180223 09575457  ( http  	127.0.0.1 -> GET getDomainInfo?userName=admin&v=4
20180223 09575457  ( auth  	admin/84309273
20180223 09575457  ( call  	endpoint getDomainInfo
20180223 09575457  ( http  	127.0.0.1 <- 304
20180223 09575457  (  -    00.002.487
20180223 09575461  "  +    ubql
20180223 09575461  " http  	127.0.0.1 -> POST ubql
20180223 09575461  " http  	[{"entity":"uba_user","method":"select","fieldList":["ID","name","uData"]}]
20180223 09575461  " auth  	admin/84309273
20180223 09575461  " call  	endpoint ubql
20180223 09575461  "  +    	ubMixinClasses.TubStorageMixin(04C142C0).MixinMethod
20180223 09575461  " debug 		uba_user.select(TubStorageMixin)
20180223 09575461  "  +    		ubApp.TubDataStore(07163E98).Init
20180223 09575461  "  +    			ubApp.TubApp(04BC3EE0).DBExecute
20180223 09575461  "  +    				ubApp.TubApp(04BC3EE0).TubApp.InternalDBExecute
20180223 09575461  " SQL   					ubDBSQLite3ThreadSafe.TubSQLite3Statement(04C79070) SELECT A01.ID,A01.name,A01.uData  FROM uba_user A01 
20180223 09575461  "  -    				00.000.060
20180223 09575461  "  -    			00.000.163
20180223 09575461  " debug 			Query result for entity "uba_user" into data name "": row count=2
20180223 09575461  "  -    		00.000.176
20180223 09575461  "  -    	00.000.263
20180223 09575461  " http  	127.0.0.1 <- 200
20180223 09575461  "  -    00.000.642
20180223 09575928  #  +    clientRequire/@unitybase/ub-pub/dist/ub-pub.min.js.map
20180223 09575928  # http  	127.0.0.1 -> GET clientRequire/@unitybase/ub-pub/dist/ub-pub.min.js.map
20180223 09575928  # call  	endpoint clientRequire
20180223 09575928  # info  	Call clientRequire 
20180223 09575928  # http  	127.0.0.1 <- 200
20180223 09575928  #  -    00.001.949
20180223 09582244  $  +    adm
20180223 09582244  $ http  	127.0.0.1 -> GET adm
20180223 09582244  $ call  	endpoint adm
20180223 09582244  $  +    	ubApp.TubApp(04BC3EE0).008CA69A 
20180223 09582244  $ debug 		FOLDER_CHECKSUM: calc folder checksum C:\Users\dovorob\Desktop\Sedneva\helloWorldProject\helloWorldUB\node_modules\@unitybase\ub\public\
20180223 09582245  $ debug 		FOLDER_CHECKSUM: put folder checksum 00157f1fae1f03ef6a703e934be7d698 to UB_STATIC.checkSum_C:\Users\dovorob\Desktop\Sedneva\helloWorldProject\helloWorldUB\node_modules\@unitybase\ub\public\
20180223 09582245  $  -    	00.018.528
20180223 09582245  $  +    	ubApp.TubApp(04BC3EE0).008CA69A 
20180223 09582245  $ debug 		FOLDER_CHECKSUM: calc folder checksum C:\Users\dovorob\Desktop\Sedneva\helloWorldProject\helloWorldUB\node_modules\@unitybase\uba\public\
20180223 09582245  $ debug 		FOLDER_CHECKSUM: put folder checksum a32940308a4662e5435a97adb22e235d to UB_STATIC.checkSum_C:\Users\dovorob\Desktop\Sedneva\helloWorldProject\helloWorldUB\node_modules\@unitybase\uba\public\
20180223 09582245  $  -    	00.003.344
20180223 09582245  $  +    	ubApp.TubApp(04BC3EE0).008CA69A 
20180223 09582245  $ debug 		FOLDER_CHECKSUM: calc folder checksum C:\Users\dovorob\Desktop\Sedneva\helloWorldProject\helloWorldUB\node_modules\@unitybase\ubs\public\
20180223 09582325  $ debug 		FOLDER_CHECKSUM: put folder checksum 09ae0381f4412f542ab1aadbbe332ebf to UB_STATIC.checkSum_C:\Users\dovorob\Desktop\Sedneva\helloWorldProject\helloWorldUB\node_modules\@unitybase\ubs\public\
20180223 09582325  $  -    	00.662.816
20180223 09582325  $  +    	ubApp.TubApp(04BC3EE0).008CA69A 
20180223 09582325  $ debug 		FOLDER_CHECKSUM: calc folder checksum C:\Users\dovorob\Desktop\Sedneva\helloWorldProject\helloWorldUB\node_modules\@unitybase\ubm\public\
20180223 09582349  $ debug 		FOLDER_CHECKSUM: put folder checksum 14f081e72ca5febfcf3de47b4ff6d225 to UB_STATIC.checkSum_C:\Users\dovorob\Desktop\Sedneva\helloWorldProject\helloWorldUB\node_modules\@unitybase\ubm\public\
20180223 09582349  $  -    	00.383.686
20180223 09582349  $  +    	ubApp.TubApp(04BC3EE0).008CA69A 
20180223 09582349  $ debug 		FOLDER_CHECKSUM: calc folder checksum C:\Users\dovorob\Desktop\Sedneva\helloWorldProject\helloWorldUB\node_modules\@unitybase\ub-pub\
20180223 09582416  $ debug 		FOLDER_CHECKSUM: put folder checksum d94112dbb35b89e0d731b491e6a342ad to UB_STATIC.checkSum_C:\Users\dovorob\Desktop\Sedneva\helloWorldProject\helloWorldUB\node_modules\@unitybase\ub-pub\
20180223 09582416  $  -    	00.482.524
20180223 09582416  $  +    	ubApp.TubApp(04BC3EE0).008CA69A 
20180223 09582416  $ debug 		FOLDER_CHECKSUM: calc folder checksum C:\Users\dovorob\Desktop\Sedneva\helloWorldProject\helloWorldUB\node_modules\@unitybase\adminui-pub\
20180223 09582538  $ debug 		FOLDER_CHECKSUM: put folder checksum 058c02a9495a06f25315ccd00ba19c84 to UB_STATIC.checkSum_C:\Users\dovorob\Desktop\Sedneva\helloWorldProject\helloWorldUB\node_modules\@unitybase\adminui-pub\
20180223 09582538  $  -    	01.348.250
20180223 09582538  $  +    	ubApp.TubApp(04BC3EE0).008CA69A 
20180223 09582538  $ debug 		FOLDER_CHECKSUM: calc folder checksum C:\Users\dovorob\Desktop\Sedneva\helloWorldProject\helloWorldUB\node_modules\@unitybase\adminui-reg\public\
20180223 09582538  $ debug 		FOLDER_CHECKSUM: put folder checksum f1d3ff8443297732862df21dc4e57262 to UB_STATIC.checkSum_C:\Users\dovorob\Desktop\Sedneva\helloWorldProject\helloWorldUB\node_modules\@unitybase\adminui-reg\public\
20180223 09582538  $  -    	00.000.059
20180223 09582539  $  +    	ubApp.TubApp(04BC3EE0).008CA40C 
20180223 09582539  $ debug 		STATIC_SCECKSUM: Calc file checksum C:\Users\dovorob\Desktop\Sedneva\helloWorldProject\helloWorldUB\models\adminui-pub\themes\UBGrayTheme\UBGrayTheme-all.css
20180223 09582539  $ debug 		STATIC_SCECKSUM: put file checksum d41d8cd98f00b204e9800998ecf8427e to UB_STATIC.checkSum_C:\Users\dovorob\Desktop\Sedneva\helloWorldProject\helloWorldUB\models\adminui-pub\themes\UBGrayTheme\UBGrayTheme-all.css
20180223 09582539  $  -    	00.000.208
20180223 09582539  $  +    	ubApp.TubApp(04BC3EE0).008CA40C 
20180223 09582539  $ debug 		STATIC_SCECKSUM: Calc file checksum C:\Users\dovorob\Desktop\Sedneva\helloWorldProject\helloWorldUB\models\adminui-pub\ub-css-all.css
20180223 09582539  $ debug 		STATIC_SCECKSUM: put file checksum d41d8cd98f00b204e9800998ecf8427e to UB_STATIC.checkSum_C:\Users\dovorob\Desktop\Sedneva\helloWorldProject\helloWorldUB\models\adminui-pub\ub-css-all.css
20180223 09582539  $  -    	00.000.056
20180223 09582539  $  +    	ubApp.TubApp(04BC3EE0).008CA40C 
20180223 09582539  $ debug 		STATIC_SCECKSUM: Calc file checksum C:\Users\dovorob\Desktop\Sedneva\helloWorldProject\helloWorldUB\models\adminui-pub\themes\UBGrayTheme\ub.css
20180223 09582539  $ debug 		STATIC_SCECKSUM: put file checksum d41d8cd98f00b204e9800998ecf8427e to UB_STATIC.checkSum_C:\Users\dovorob\Desktop\Sedneva\helloWorldProject\helloWorldUB\models\adminui-pub\themes\UBGrayTheme\ub.css
20180223 09582539  $  -    	00.000.053
20180223 09582539  $  +    	ubApp.TubApp(04BC3EE0).008CA40C 
20180223 09582539  $ debug 		STATIC_SCECKSUM: Calc file checksum C:\Users\dovorob\Desktop\Sedneva\helloWorldProject\helloWorldUB\clientRequire\systemjs\dist\system.js
20180223 09582539  $ debug 		STATIC_SCECKSUM: put file checksum d41d8cd98f00b204e9800998ecf8427e to UB_STATIC.checkSum_C:\Users\dovorob\Desktop\Sedneva\helloWorldProject\helloWorldUB\clientRequire\systemjs\dist\system.js
20180223 09582539  $  -    	00.000.048
20180223 09582539  $  +    	ubApp.TubApp(04BC3EE0).008CA40C 
20180223 09582539  $ debug 		STATIC_SCECKSUM: Calc file checksum C:\Users\dovorob\Desktop\Sedneva\helloWorldProject\helloWorldUB\models\adminui-pub\dist\ext-all.min.js
20180223 09582539  $ debug 		STATIC_SCECKSUM: put file checksum d41d8cd98f00b204e9800998ecf8427e to UB_STATIC.checkSum_C:\Users\dovorob\Desktop\Sedneva\helloWorldProject\helloWorldUB\models\adminui-pub\dist\ext-all.min.js
20180223 09582539  $  -    	00.000.045
20180223 09582539  $ info  	Generate index.mustache from template C:\Users\dovorob\Desktop\Sedneva\helloWorldProject\helloWorldUB\node_modules\@unitybase\adminui-pub\index.mustache 
20180223 09582539  $ http  	127.0.0.1 <- 200
20180223 09582539  $  -    02.925.576
20180223 09582546  )  +    models/adminui-pub/themes/UBGrayTheme/UBGrayTheme-all.css?ver=d41d8cd98f00b204e9800998ecf8427e
20180223 09582546  ) http  	127.0.0.1 -> GET models/adminui-pub/themes/UBGrayTheme/UBGrayTheme-all.css?ver=d41d8cd98f00b204e9800998ecf8427e
20180223 09582546  &  +    clientRequire/font-awesome/css/font-awesome.min.css
20180223 09582546  & http  	127.0.0.1 -> GET clientRequire/font-awesome/css/font-awesome.min.css
20180223 09582546  %  +    models/adminui-pub/ub-css-all.css?ver=d41d8cd98f00b204e9800998ecf8427e
20180223 09582546  % http  	127.0.0.1 -> GET models/adminui-pub/ub-css-all.css?ver=d41d8cd98f00b204e9800998ecf8427e
20180223 09582546  % call  	endpoint models
20180223 09582546  & call  	endpoint clientRequire
20180223 09582546  ) call  	endpoint models
20180223 09582546  '  +    models/adminui-pub/themes/UBGrayTheme/ub.css?ver=d41d8cd98f00b204e9800998ecf8427e
20180223 09582546  ' http  	127.0.0.1 -> GET models/adminui-pub/themes/UBGrayTheme/ub.css?ver=d41d8cd98f00b204e9800998ecf8427e
20180223 09582546  ' call  	endpoint models
20180223 09582546  & info  	Call clientRequire 
20180223 09582546  (  +    clientRequire/es6-promise/dist/es6-promise.auto.min.js
20180223 09582546  ( http  	127.0.0.1 -> GET clientRequire/es6-promise/dist/es6-promise.auto.min.js
20180223 09582546  ( call  	endpoint clientRequire
20180223 09582546  ( info  	Call clientRequire 
20180223 09582546  ' http  	127.0.0.1 <- 200
20180223 09582546  '  -    00.005.062
20180223 09582546  "  +    clientRequire/systemjs/dist/system.js?ver=d41d8cd98f00b204e9800998ecf8427e
20180223 09582546  " http  	127.0.0.1 -> GET clientRequire/systemjs/dist/system.js?ver=d41d8cd98f00b204e9800998ecf8427e
20180223 09582546  " call  	endpoint clientRequire
20180223 09582546  " info  	Call clientRequire 
20180223 09582550  #  +    models/adminui-pub/dist/ext-all.min.js?ver=d41d8cd98f00b204e9800998ecf8427e
20180223 09582550  # http  	127.0.0.1 -> GET models/adminui-pub/dist/ext-all.min.js?ver=d41d8cd98f00b204e9800998ecf8427e
20180223 09582550  # call  	endpoint models
20180223 09582550  # http  	127.0.0.1 <- 200
20180223 09582550  #  -    00.001.937
20180223 09582554  ( http  	127.0.0.1 <- 200
20180223 09582554  (  -    00.123.496
20180223 09582556  ) http  	127.0.0.1 <- 200
20180223 09582556  )  -    00.161.754
20180223 09582556  & http  	127.0.0.1 <- 200
20180223 09582556  &  -    00.168.134
20180223 09582557  " http  	127.0.0.1 <- 200
20180223 09582557  "  -    00.169.321
20180223 09582558  % http  	127.0.0.1 <- 200
20180223 09582558  %  -    00.192.432
20180223 09582632  $  +    clientRequire/font-awesome/fonts/fontawesome-webfont.woff2?v=4.7.0
20180223 09582632  $ http  	127.0.0.1 -> GET clientRequire/font-awesome/fonts/fontawesome-webfont.woff2?v=4.7.0
20180223 09582632  $ call  	endpoint clientRequire
20180223 09582632  $ info  	Call clientRequire 
20180223 09582632  $ http  	127.0.0.1 <- 200
20180223 09582632  $  -    00.001.675
20180223 09582701  '  +    clientRequire/@unitybase/adminui-pub/package.json
20180223 09582701  ' http  	127.0.0.1 -> GET clientRequire/@unitybase/adminui-pub/package.json
20180223 09582701  ' call  	endpoint clientRequire
20180223 09582701  ' info  	Call clientRequire 
20180223 09582701  ' http  	127.0.0.1 <- 200
20180223 09582701  '  -    00.002.126
20180223 09582717  (  +    clientRequire/@unitybase/adminui-pub/dist/adminui.app.min.js
20180223 09582717  ( http  	127.0.0.1 -> GET clientRequire/@unitybase/adminui-pub/dist/adminui.app.min.js
20180223 09582717  ( call  	endpoint clientRequire
20180223 09582717  ( info  	Call clientRequire 
20180223 09582717  ( http  	127.0.0.1 <- 200
20180223 09582717  (  -    00.002.611
20180223 09582719  )  +    models/UB/img/UBLogo32.png
20180223 09582719  ) http  	127.0.0.1 -> GET models/UB/img/UBLogo32.png
20180223 09582719  ) call  	endpoint models
20180223 09582719  ) http  	127.0.0.1 <- 200
20180223 09582719  )  -    00.001.746
20180223 09582721  %  +    models/UB/img/UBLogo48.png
20180223 09582721  % http  	127.0.0.1 -> GET models/UB/img/UBLogo48.png
20180223 09582721  % call  	endpoint models
20180223 09582721  % http  	127.0.0.1 <- 200
20180223 09582721  %  -    00.001.560
20180223 09582739  "  +    clientRequire/@unitybase/adminui-pub/themes/UBGrayTheme/UBGrayTheme.js
20180223 09582739  " http  	127.0.0.1 -> GET clientRequire/@unitybase/adminui-pub/themes/UBGrayTheme/UBGrayTheme.js
20180223 09582739  " call  	endpoint clientRequire
20180223 09582739  " info  	Call clientRequire 
20180223 09582739  " http  	127.0.0.1 <- 200
20180223 09582739  "  -    00.001.751
20180223 09582745  &  +    getAppInfo
20180223 09582745  & http  	127.0.0.1 -> GET getAppInfo
20180223 09582745  & call  	endpoint getAppInfo
20180223 09582745  & http  	127.0.0.1 <- 304
20180223 09582745  &  -    00.000.626
20180223 09582750  #  +    models/UB/img/UBLogo128.png
20180223 09582750  # http  	127.0.0.1 -> GET models/UB/img/UBLogo128.png
20180223 09582750  # call  	endpoint models
20180223 09582750  $  +    models/adminui-pub/locale/lang-en.js?ubver=058c02a9495a06f25315ccd00ba19c84
20180223 09582750  $ http  	127.0.0.1 -> GET models/adminui-pub/locale/lang-en.js?ubver=058c02a9495a06f25315ccd00ba19c84
20180223 09582750  $ call  	endpoint models
20180223 09582750  # http  	127.0.0.1 <- 200
20180223 09582750  #  -    00.000.985
20180223 09582750  $ http  	127.0.0.1 <- 200
20180223 09582750  $  -    00.001.288
20180223 09582751  '  +    models/UB/img/UBLogo16.ico
20180223 09582751  ' http  	127.0.0.1 -> GET models/UB/img/UBLogo16.ico
20180223 09582751  ' call  	endpoint models
20180223 09582751  ' http  	127.0.0.1 <- 200
20180223 09582751  '  -    00.001.165
20180223 09582830  (  +    models/adminui-pub/themes/UBGrayTheme/images/form/exclamation.png
20180223 09582830  ( http  	127.0.0.1 -> GET models/adminui-pub/themes/UBGrayTheme/images/form/exclamation.png
20180223 09582830  ( call  	endpoint models
20180223 09582830  ( http  	127.0.0.1 <- 200
20180223 09582830  (  -    00.002.095
20180223 09583903  )  +    auth?AUTHTYPE=UB&userName=admin
20180223 09583903  ) http  	127.0.0.1 -> POST auth?AUTHTYPE=UB&userName=admin
20180223 09583903  ) call  	endpoint auth
20180223 09583903  ) http  	127.0.0.1 <- 200
20180223 09583903  )  -    00.000.663
20180223 09583903  %  +    auth?AUTHTYPE=UB&clientNonce=7612cafbaa785bf2195155cac6aff91ca3acb97c7f707fa856f83d489ac81d8b&password=195f0521a02f65f4f4f170d9cc7faa02291fb04e948ab674a34cd4995a3becc8&userName=admin
20180223 09583903  % http  	127.0.0.1 -> POST auth?AUTHTYPE=UB&clientNonce=7612cafbaa785bf2195155cac6aff91ca3acb97c7f707fa856f83d489ac81d8b&password=195f0521a02f65f4f4f170d9cc7faa02291fb04e948ab674a34cd4995a3becc8&userName=admin
20180223 09583903  % call  	endpoint auth
20180223 09583903  %  +    	ubApp.TubDataStore(07161530).Init
20180223 09583903  %  +    		ubApp.TubApp(04BC3EE0).DBExecute
20180223 09583903  %  +    			ubApp.TubApp(04BC3EE0).TubApp.InternalDBExecute
20180223 09583903  %  +    				00856EC2 
20180223 09583903  %  -    				00.002.144
20180223 09583903  % SQL   				ubDBSQLite3ThreadSafe.TubSQLite3Statement(04C79130) PRAGMA foreign_keys = ON
20180223 09583903  % debug 				P1: String(5)	admin
20180223 09583903  % SQL   				ubDBSQLite3ThreadSafe.TubSQLite3Statement(04C78B30) select id, name, uPasswordHashHexa, uData, isPending, trustedIP from UBA_USER where name=? and disabled=0
20180223 09583903  %  -    			00.002.220
20180223 09583903  %  -    		00.002.281
20180223 09583903  % debug 		Query result for entity "uba_user" into data name "": row count=1
20180223 09583903  %  -    	00.002.303
20180223 09583903  %  +    	ubApp.TubDataStore(07163BF0).Init
20180223 09583903  %  +    		ubApp.TubApp(04BC3EE0).DBExecute
20180223 09583903  %  +    			ubApp.TubApp(04BC3EE0).TubApp.InternalDBExecute
20180223 09583903  % debug 				P1: Int64		10
20180223 09583903  % SQL   				ubDBSQLite3ThreadSafe.TubSQLite3Statement(04C795B0) SELECT A01.roleID,A02.name,A02.description  FROM uba_userrole A01  INNER JOIN uba_role A02 ON A02.ID=A01.roleID  WHERE A01.userID=?
20180223 09583903  %  -    			00.000.058
20180223 09583903  %  -    		00.000.117
20180223 09583903  % debug 		Query result for entity "uba_userrole" into data name "": row count=1
20180223 09583903  %  -    	00.000.132
20180223 09583903  % auth  	New session admin/84309272 created at 127.0.0.1/-144115182170275839 using Mozilla/5.0 (Windows NT 10.0; Win64; x64) AppleWebKit/537.36 (KHTML, like Gecko) Chrome/64.0.3282.167 Safari/537.36
20180223 09583903  %  +    	ubMixinClasses.TubStorageMixin(04C142C0).MixinMethod
20180223 09583903  % debug 		uba_user.select(TubStorageMixin)
20180223 09583903  %  +    		ubApp.TubDataStore(07163BF0).Init
20180223 09583903  %  +    			ubApp.TubApp(04BC3EE0).DBExecute
20180223 09583903  %  +    				ubApp.TubApp(04BC3EE0).TubApp.InternalDBExecute
20180223 09583903  % debug 					P1: Int64		10
20180223 09583903  % SQL   					ubDBSQLite3ThreadSafe.TubSQLite3Statement(04C79730) SELECT A01.name  FROM uba_user A01  WHERE A01.ID=?
20180223 09583903  %  -    				00.000.059
20180223 09583903  %  -    			00.000.138
20180223 09583903  % debug 			Query result for entity "uba_user" into data name "": row count=1
20180223 09583903  %  -    		00.000.158
20180223 09583903  %  -    	00.000.246
20180223 09583903  %  +    	ubMixinClasses.TubStorageMixin(04C142C0).MixinMethod
20180223 09583903  % debug 		uba_advSecurity.select(TubStorageMixin)
20180223 09583903  %  +    		ubApp.TubDataStore(07163BF0).Init
20180223 09583903  %  +    			ubApp.TubApp(04BC3EE0).DBExecute
20180223 09583903  %  +    				ubApp.TubApp(04BC3EE0).TubApp.InternalDBExecute
20180223 09583903  % debug 					P1: Int64		10
20180223 09583903  % SQL   					ubDBSQLite3ThreadSafe.TubSQLite3Statement(04C79790) SELECT A01.ID,A01.allowedIP,A01.refreshIP,A01.fp,A01.refreshFp,A01.keyMediaName,A01.refreshKeyMedia,A01.mi_modifyDate  FROM uba_advSecurity A01  WHERE A01.userID=?
20180223 09583903  %  -    				00.000.141
20180223 09583903  %  -    			00.000.228
20180223 09583903  % debug 			Query result for entity "uba_advSecurity" into data name "": row count=0
20180223 09583903  %  -    		00.000.271
20180223 09583903  %  -    	00.000.519
20180223 09583903  %  +    	ubMixinClasses.TubStorageMixin(04C142C0).MixinMethod
20180223 09583903  % debug 		uba_userrole.select(TubStorageMixin)
20180223 09583903  %  +    		ubApp.TubDataStore(07163BF0).Init
20180223 09583903  %  +    			ubApp.TubApp(04BC3EE0).DBExecute
20180223 09583903  %  +    				ubApp.TubApp(04BC3EE0).TubApp.InternalDBExecute
20180223 09583903  % debug 					P1: Int64		10
20180223 09583903  % SQL   					ubDBSQLite3ThreadSafe.TubSQLite3Statement(04C797F0) SELECT A01.ID,A02.name,A01.roleID  FROM uba_userrole A01  INNER JOIN uba_role A02 ON A02.ID=A01.roleID  WHERE A01.userID=?
20180223 09583903  %  -    				00.000.075
20180223 09583903  %  -    			00.000.142
20180223 09583903  % debug 			Query result for entity "uba_userrole" into data name "": row count=1
20180223 09583903  %  -    		00.000.153
20180223 09583903  %  -    	00.000.255
20180223 09583903  %  +    	ubMixinClasses.TubStorageMixin(04C142C0).MixinMethod
20180223 09583903  % debug 		uba_audit.beforeinsert(TubStorageMixin)
20180223 09583903  %  -    	00.000.008
20180223 09583903  %  +    	ubMixinClasses.TubStorageMixin(04C142C0).MixinMethod
20180223 09583903  % debug 		uba_audit.insert(TubStorageMixin)
20180223 09583903  %  +    		ubApp.TubDataStore(0713FF38).TubDataStore.ExecuteInsertFromList
20180223 09583903  %  +    			ubApp.TubDataStore(0713FF38).TubDataStore.ExecuteInsertFromSQL
20180223 09583903  %  +    				ubApp.TubApp(04BC3EE0).DBExecute
20180223 09583903  %  +    					ubApp.TubApp(04BC3EE0).TubApp.InternalDBExecute
20180223 09583903  % debug 						P1: String(8)	uba_user
20180223 09583903  % debug 						P2: Int64		10
20180223 09583903  % debug 						P3: String(5)	LOGIN
20180223 09583903  % debug 						P4: Int64		10
20180223 09583903  % debug 						P5: DateTime	2018-02-23T09:58:39
20180223 09583903  % debug 						P6: String(9)	127.0.0.1
20180223 09583903  % debug 						P7: String(5)	admin
20180223 09583903  % debug 						P8: Int64		335218117967873
20180223 09583903  % debug 						P9: String(391..)	Connection: keep-alive  Content-Length: 0  Accept: application/json, text/plain, */*  Accept-Encodin...
20180223 09583903  % DB    						StartTransaction for connection "main"
20180223 09583903  % SQL   						ubDBSQLite3ThreadSafe.TubSQLite3Statement(04C798B0) INSERT INTO uba_audit (entity,entityinfo_id,actionType,actionUser,actionTime,remoteIP,targetUser,ID,fromValue) VALUES (?,?,?,?,?,?,?,?,?)
20180223 09583903  %  -    					00.000.173
20180223 09583903  %  -    				00.000.175
20180223 09583903  %  -    			00.000.286
20180223 09583903  %  -    		00.000.302
20180223 09583903  %  -    	00.000.307
20180223 09583903  %  +    	ubMixinClasses.TubStorageMixin(04C142C0).MixinMethod
20180223 09583903  % debug 		uba_audit.afterinsert(TubStorageMixin)
20180223 09583903  %  -    	00.000.004
20180223 09583903  % DB    	Commit connection "main"
20180223 09583903  % http  	127.0.0.1 <- 200
20180223 09583903  %  -    00.010.012
20180223 09583904  "  +    getDomainInfo?userName=admin&v=4
20180223 09583904  " http  	127.0.0.1 -> GET getDomainInfo?userName=admin&v=4
20180223 09583904  " auth  	admin/84309272
20180223 09583904  " call  	endpoint getDomainInfo
20180223 09583904  " http  	127.0.0.1 <- 304
20180223 09583904  "  -    00.002.786
20180223 09583906  &  +    models/UB/locale/lang-en.js?ubver=00157f1fae1f03ef6a703e934be7d698
20180223 09583906  & http  	127.0.0.1 -> GET models/UB/locale/lang-en.js?ubver=00157f1fae1f03ef6a703e934be7d698
20180223 09583906  & call  	endpoint models
20180223 09583906  #  +    models/UBA/locale/lang-en.js?ubver=a32940308a4662e5435a97adb22e235d
20180223 09583906  # http  	127.0.0.1 -> GET models/UBA/locale/lang-en.js?ubver=a32940308a4662e5435a97adb22e235d
20180223 09583906  # call  	endpoint models
20180223 09583906  $  +    models/UBS/locale/lang-en.js?ubver=09ae0381f4412f542ab1aadbbe332ebf
20180223 09583906  $ http  	127.0.0.1 -> GET models/UBS/locale/lang-en.js?ubver=09ae0381f4412f542ab1aadbbe332ebf
20180223 09583906  $ call  	endpoint models
20180223 09583906  '  +    models/UBM/locale/lang-en.js?ubver=14f081e72ca5febfcf3de47b4ff6d225
20180223 09583906  ' http  	127.0.0.1 -> GET models/UBM/locale/lang-en.js?ubver=14f081e72ca5febfcf3de47b4ff6d225
20180223 09583906  ' call  	endpoint models
20180223 09583906  # http  	127.0.0.1 <- 200
20180223 09583906  #  -    00.001.241
20180223 09583906  $ http  	127.0.0.1 <- 200
20180223 09583906  $  -    00.001.132
20180223 09583906  ' http  	127.0.0.1 <- 200
20180223 09583906  '  -    00.000.931
20180223 09583906  & http  	127.0.0.1 <- 200
20180223 09583906  &  -    00.002.169
20180223 09583910  (  +    clientRequire/@unitybase/ubs/package.json
20180223 09583910  ( http  	127.0.0.1 -> GET clientRequire/@unitybase/ubs/package.json
20180223 09583910  ( call  	endpoint clientRequire
20180223 09583910  ( info  	Call clientRequire 
20180223 09583910  ( http  	127.0.0.1 <- 200
20180223 09583910  (  -    00.001.333
20180223 09583912  )  +    clientRequire/@unitybase/ubs/public/initModel.js
20180223 09583912  ) http  	127.0.0.1 -> GET clientRequire/@unitybase/ubs/public/initModel.js
20180223 09583912  ) call  	endpoint clientRequire
20180223 09583912  ) info  	Call clientRequire 
20180223 09583912  ) http  	127.0.0.1 <- 200
20180223 09583912  )  -    00.002.398
20180223 09583913  %  +    clientRequire/@unitybase/ubs/public/dist/ubs.main.min.js?ubver=2018-02-23T11:57:47
20180223 09583913  % http  	127.0.0.1 -> GET clientRequire/@unitybase/ubs/public/dist/ubs.main.min.js?ubver=2018-02-23T11:57:47
20180223 09583913  % call  	endpoint clientRequire
20180223 09583913  "  +    clientRequire/@unitybase/ubm/package.json
20180223 09583913  " http  	127.0.0.1 -> GET clientRequire/@unitybase/ubm/package.json
20180223 09583913  " call  	endpoint clientRequire
20180223 09583913  " info  	Call clientRequire 
20180223 09583913  % info  	Call clientRequire 
20180223 09583913  " http  	127.0.0.1 <- 200
20180223 09583913  "  -    00.001.265
20180223 09583913  % http  	127.0.0.1 <- 200
20180223 09583913  %  -    00.002.805
20180223 09583913  $  +    clientRequire/@unitybase/ubm/public/initModel.js
20180223 09583913  $ http  	127.0.0.1 -> GET clientRequire/@unitybase/ubm/public/initModel.js
20180223 09583913  $ call  	endpoint clientRequire
20180223 09583913  $ info  	Call clientRequire 
20180223 09583913  $ http  	127.0.0.1 <- 200
20180223 09583913  $  -    00.002.310
20180223 09583917  #  +    ubql
20180223 09583917  # http  	127.0.0.1 -> POST ubql
20180223 09583917  # http  	[{"entity":"ubs_settings","method":"select","fieldList":["ID","settingKey","name","description","type","settingValue","defaultValue"],"version":"-1"},{"entity":"ubm_desktop","method":"select","fieldList":["ID","caption","code","url","isDefault","mi_owner","mi_createDate","mi_createUser","mi_modifyDate","mi_modifyUser","mi_deleteDate","mi_deleteUser"],"version":"-1"},{"entity":"ubm_form","method":"select","fieldList":["ID","code","description","caption","formType","formDef","formCode","model","entity","isDefault","mi_owner","mi_createDate","mi_createUser","mi_modifyDate","mi_modifyUser"],"version":"-1"},{"entity":"ubm_enum","method":"select","fieldList":["ID","eGroup","code","shortName","name","sortOrder","mi_owner","mi_createDate","mi_createUser","mi_modifyDate","mi_modifyUser","mi_deleteDate","mi_deleteUser"],"version":"-1"}]
20180223 09583917  # auth  	admin/84309272
20180223 09583917  # call  	endpoint ubql
20180223 09583917  #  +    	ubMixinClasses.TubStorageMixin(04C142C0).MixinMethod
20180223 09583917  # debug 		ubs_settings.select(TubStorageMixin)
20180223 09583917  #  +    		ubApp.TubDataStore(18D3BEF0).Init
20180223 09583917  #  +    			ubApp.TubApp(04BC3EE0).DBExecute
20180223 09583917  #  +    				ubApp.TubApp(04BC3EE0).TubApp.InternalDBExecute
20180223 09583917  #  +    					00856EC2 
20180223 09583917  #  -    					00.001.726
20180223 09583917  # SQL   					ubDBSQLite3ThreadSafe.TubSQLite3Statement(04C79A90) PRAGMA foreign_keys = ON
20180223 09583917  # SQL   					ubDBSQLite3ThreadSafe.TubSQLite3Statement(04C79A30) SELECT ( (SELECT COALESCE(strftime('%s',  MAX(mi_modifyDate)),1) FROM ubs_settings) ) AS dataVersion
20180223 09583917  #  -    				00.001.821
20180223 09583917  #  -    			00.001.862
20180223 09583917  # debug 			Query result for entity "ubs_settings" into data name "": row count=1
20180223 09583917  #  -    		00.001.875
20180223 09583917  #  +    		ubApp.TubDataStore(18D3BEF0).Init
20180223 09583917  #  +    			ubApp.TubApp(04BC3EE0).DBExecute
20180223 09583917  #  +    				ubApp.TubApp(04BC3EE0).TubApp.InternalDBExecute
20180223 09583917  # SQL   					ubDBSQLite3ThreadSafe.TubSQLite3Statement(04C796D0) SELECT A01.ID,A01.settingKey,A01.name,A01.description,A01.type,A01.settingValue,A01.defaultValue  FROM ubs_settings A01 
20180223 09583917  #  -    				00.000.038
20180223 09583917  #  -    			00.000.062
20180223 09583917  # debug 			Query result for entity "ubs_settings" into data name "": row count=0
20180223 09583917  #  -    		00.000.073
20180223 09583917  #  -    	00.002.168
20180223 09583917  #  +    	ubMixinClasses.TubRLSMixin(04C14E20).MixinMethod
20180223 09583917  # debug 		ubm_desktop.select(TubRLSMixin)
20180223 09583920  # debug 		Prepare RLS expression for ubm_desktop
20180223 09583920  #  +    		ubApp.TubDataStore(18D3C1C0).Init
20180223 09583920  #  +    			ubApp.TubApp(04BC3EE0).DBExecute
20180223 09583920  #  +    				ubApp.TubApp(04BC3EE0).TubApp.InternalDBExecute
20180223 09583920  # SQL   					ubDBSQLite3ThreadSafe.TubSQLite3Statement(04C79670) select ID, name FROM uba_role
20180223 09583920  #  -    				00.000.058
20180223 09583920  #  -    			00.000.143
20180223 09583920  # debug 			Query result for entity "uba_role" into data name "": row count=7
20180223 09583920  #  -    		00.000.158
20180223 09583920  #  -    	00.039.215
20180223 09583920  #  +    	ubMixinClasses.TubStorageMixin(04C142C0).MixinMethod
20180223 09583920  # debug 		ubm_desktop.select(TubStorageMixin)
20180223 09583920  #  +    		ubApp.TubDataStore(18D3BEA0).Init
20180223 09583920  #  +    			ubApp.TubApp(04BC3EE0).DBExecute
20180223 09583920  #  +    				ubApp.TubApp(04BC3EE0).TubApp.InternalDBExecute
20180223 09583920  # EXC   					ESQLite3Exception {"ErrorCode":1,"SQLite3ErrorCode":"ERROR","Message":"Error SQLITE_ERROR (1) [SELECT A01.ID,A01.caption,A01.code,A01.url,A01.isDefault,A01.mi_owner,A01.mi_createDate,A01.mi_createUser,A01.mi_modifyDate,A01.mi_modifyUser,A01.mi_deleteDate,A01.mi_deleteUser  FROM ubm_desktop A01  WHERE (( A01.mi_owner = ? ) OR (1=1) OR exists (select 1 from ubm_desktop_adm admsubtable where admsubtable.instanceID = A01.ID and admsubtable.admSubjID in (select ur.RoleID from uba_userrole ur where ur.UserID = ? union select 10))) AND A01.mi_deleteDate=?] using 3.17.0 - no such table: ubm_desktop, extended_errcode=1"} at 00625076 
20180223 09583920  # EXC   					EMetabaseException {"errorCode":0,"Message":"Internal server error"} at 008C4B3B 
20180223 09583920  # EXC   					EMetabaseException {"errorCode":0,"Message":"Internal server error"} at 008C4B3B 
20180223 09583920  #  -    				00.002.348
20180223 09583920  #  -    			00.002.352
20180223 09583920  #  -    		00.002.371
20180223 09583920  #  -    	00.002.590
20180223 09583920  # ERROR 	POST ubql ERROR=500 (Internal server error)
20180223 09583920  #  -    00.053.623
20180223 09585933  ! info  ubApp.TubApp(04BC3EE0) {   "ClientsCurrent": 3,   "ClientsMax": 3,   "Invalid": 1,   "Responses": 48,   "Modified": 0,   "IncomingBytes": 21732,   "OutcomingBytes": 93368,   "OutcomingFiles": 33,   "ServiceCalls": 48,   "ProcessTime": "6.36s"  }
