c:\UnityBase\ub.exe 4.0.0.0 (2018-02-22 17:30:16)Host=DESKTOP-GAR5TAF User=dovorob CPU=4*9-6-10759:FFFBEBBFBFE3BA1D0000000000 OS=23.0=10.0.16299 Wow64=1 Freq=2240995Environment variables=ALLUSERSPROFILE=C:\ProgramData	ANSICON=170x1000 (170x39)	ANSICON_DEF=7	APPDATA=C:\Users\dovorob\AppData\Roaming	CommonProgramFiles=C:\Program Files (x86)\Common Files	CommonProgramFiles(x86)=C:\Program Files (x86)\Common Files	CommonProgramW6432=C:\Program Files\Common Files	COMPUTERNAME=DESKTOP-GAR5TAF	ComSpec=C:\WINDOWS\system32\cmd.exe	ConEmuANSI=ON	ConEmuAnsiLog=	ConEmuArgs=	ConEmuArgs2=	ConEmuBackHWND=0x002D0662	ConEmuBaseDir=C:\Program Files\ConEmu\ConEmu	ConEmuBuild=161206	ConEmuConfig=	ConEmuDir=C:\Program Files\ConEmu	ConEmuDrawHWND=0x001D02DC	ConEmuDrive=C:	ConEmuHooks=Enabled	ConEmuHWND=0x000C0556	ConEmuPalette=<ConEmu>	ConEmuPID=8716	ConEmuServerPID=10060	ConEmuTask={Far}	ConEmuWorkDir=C:\Users\dovorob	ConEmuWorkDrive=C:	FARHOME=C:\Program Files\Far Manager	FARLANG=English	FARLOCALPROFILE=C:\Users\dovorob\AppData\Local\Far Manager\Profile	FARPROFILE=C:\Users\dovorob\AppData\Roaming\Far Manager\Profile	FSHARPINSTALLDIR=C:\Program Files (x86)\Microsoft SDKs\F#\4.1\Framework\v4.0\	HOMEDRIVE=C:	HOMEPATH=\Users\dovorob	LOCALAPPDATA=C:\Users\dovorob\AppData\Local	LOGONSERVER=\\DESKTOP-GAR5TAF	MSMPI_BIN=C:\Program Files\Microsoft MPI\Bin\	NUMBER_OF_PROCESSORS=4	OneDrive=C:\Users\dovorob\OneDrive	OS=Windows_NT	Path=C:\Program Files\ConEmu\ConEmu\Scripts;C:\Program Files\ConEmu;C:\Program Files\ConEmu\ConEmu;C:\Program Files\Microsoft MPI\Bin\;C:\WINDOWS\system32;C:\WINDOWS;C:\WINDOWS\System32\Wbem;C:\WINDOWS\System32\WindowsPowerShell\v1.0\;C:\Program Files (x86)\NVIDIA Corporation\PhysX\Common;C:\Program Files\Microsoft Windows Performance Toolkit\;C:\Program Files\dotnet\;C:\Program Files\Microsoft SQL Server\130\Tools\Binn\;C:\Program Files\Microsoft SQL Server\Client SDK\ODBC\130\Tools\Binn\;C:\Program Files (x86)\Microsoft SQL Server\140\Tools\Binn\;C:\Program Files\Microsoft SQL Server\140\Tools\Binn\;C:\Program Files\Microsoft SQL Server\140\DTS\Binn\;C:\Program Files (x86)\Microsoft SQL Server\Client SDK\ODBC\130\Tools\Binn\;C:\Program Files (x86)\Microsoft SQL Server\140\DTS\Binn\;C:\Program Files (x86)\Microsoft SQL Server\140\Tools\Binn\ManagementStudio\;C:\Program Files\nodejs\;c:\UnityBase;C:\Users\dovorob\AppData\Local\Microsoft\WindowsApps;C:\Users\dovorob\AppData\Roaming\npm	PATHEXT=.COM;.EXE;.BAT;.CMD;.VBS;.VBE;.JS;.JSE;.WSF;.WSH;.MSC	PROCESSOR_ARCHITECTURE=x86	PROCESSOR_ARCHITEW6432=AMD64	PROCESSOR_IDENTIFIER=Intel64 Family 6 Model 42 Stepping 7, GenuineIntel	PROCESSOR_LEVEL=6	PROCESSOR_REVISION=2a07	ProgramData=C:\ProgramData	ProgramFiles=C:\Program Files (x86)	ProgramFiles(x86)=C:\Program Files (x86)	ProgramW6432=C:\Program Files	PSModulePath=C:\Program Files\WindowsPowerShell\Modules;C:\WINDOWS\system32\WindowsPowerShell\v1.0\Modules;C:\Program Files (x86)\Microsoft SQL Server\140\Tools\PowerShell\Modules\	PUBLIC=C:\Users\Public	SESSIONNAME=Console	SystemDrive=C:	SystemRoot=C:\WINDOWS	TEMP=C:\Users\dovorob\AppData\Local\Temp	TMP=C:\Users\dovorob\AppData\Local\Temp	UB_HOME=c:\UnityBase	USERDOMAIN=DESKTOP-GAR5TAF	USERDOMAIN_ROAMINGPROFILE=DESKTOP-GAR5TAF	USERNAME=dovorob	USERPROFILE=C:\Users\dovorob	VBOX_MSI_INSTALL_PATH=C:\Program Files\Oracle\VirtualBox\	windir=C:\WINDOWSTubLog 1.18.3488 FTS3 2018-02-23T09:54:4120180223 09544113  ! warn  WebSocket support are disabled because WSServer.host = '' in config
20180223 09544114  !  +    ubServer.TubServer(04C4E5C0).008863DB 
20180223 09544114  !  +    	Init app
20180223 09544114  ! srvr  		FTS is disabled
20180223 09544114  ! info  		Check blob store "avatars" folder "C:\Users\dovorob\Desktop\Sedneva\helloWorldProject\helloWorldUB\avatars\": folder exists
20180223 09544114  !  -    	00.000.595
20180223 09544114  !  +    	Folder C:\Users\dovorob\Desktop\Sedneva\helloWorldProject\helloWorldUB\node_modules\@unitybase\ub\ modified
20180223 09544114  !  +    		ubCommonClasses.TubThreadSafeCache(04C4CB30).removeStartsWith
20180223 09544114  !  -    		00.000.015
20180223 09544114  !  -    	00.000.030
20180223 09544114  !  +    	Folder C:\Users\dovorob\Desktop\Sedneva\helloWorldProject\helloWorldUB\node_modules\@unitybase\uba\ modified
20180223 09544114  !  +    		ubCommonClasses.TubThreadSafeCache(04C4CB30).removeStartsWith
20180223 09544114  !  -    		00.000.001
20180223 09544114  !  -    	00.000.009
20180223 09544114  !  +    	Folder C:\Users\dovorob\Desktop\Sedneva\helloWorldProject\helloWorldUB\node_modules\@unitybase\ubs\ modified
20180223 09544114  !  +    		ubCommonClasses.TubThreadSafeCache(04C4CB30).removeStartsWith
20180223 09544114  !  -    		00.000.001
20180223 09544114  !  -    	00.000.011
20180223 09544114  !  +    	Folder C:\Users\dovorob\Desktop\Sedneva\helloWorldProject\helloWorldUB\node_modules\@unitybase\ubm\ modified
20180223 09544114  !  +    		ubCommonClasses.TubThreadSafeCache(04C4CB30).removeStartsWith
20180223 09544114  !  -    		00.000.001
20180223 09544114  !  -    	00.000.007
20180223 09544114  !  +    	Folder C:\Users\dovorob\Desktop\Sedneva\helloWorldProject\helloWorldUB\_public_only_\ modified
20180223 09544114  !  +    		ubCommonClasses.TubThreadSafeCache(04C4CB30).removeStartsWith
20180223 09544114  !  -    		00.000.001
20180223 09544114  !  -    	00.000.007
20180223 09544114  !  +    	Folder C:\Users\dovorob\Desktop\Sedneva\helloWorldProject\helloWorldUB\node_modules\@unitybase\adminui-reg\ modified
20180223 09544114  !  +    		ubCommonClasses.TubThreadSafeCache(04C4CB30).removeStartsWith
20180223 09544114  !  -    		00.000.031
20180223 09544114  !  -    	00.000.039
20180223 09544114  !  +    	Folder C:\Users\dovorob\Desktop\Sedneva\helloWorldProject\helloWorldUB\ modified
20180223 09544114  ! debug 		refresh UB_STATIC.staticFoldersModifyDate in globalCache (static directory C:\Users\dovorob\Desktop\Sedneva\helloWorldProject\helloWorldUB\ changed)
20180223 09544114  !  +    		ubCommonClasses.TubThreadSafeCache(04C4CB30).removeStartsWith
20180223 09544114  !  -    		00.000.041
20180223 09544114  !  -    	00.000.058
20180223 09544114  !  +    	ubApp.TubApp(04BB3EE0).init
20180223 09544114  ! srvr  		Mime converters are disabled
20180223 09544114  !  -    	00.000.003
20180223 09544114  ! srvr  	Enable zip compresison
20180223 09544114  ! srvr  	Send initialization request to http://localhost:888/init
20180223 09544115  "  +    InitializationRequest
20180223 09544115  "  +    	init
20180223 09544115  " srvr  		Start application intialization...
20180223 09544115  " info  		Loading domain...
20180223 09544115  " info  		Loading model "UB" from "C:\Users\dovorob\Desktop\Sedneva\helloWorldProject\helloWorldUB\node_modules\@unitybase\ub\"
20180223 09544115  " info  		Loading model "UBA" from "C:\Users\dovorob\Desktop\Sedneva\helloWorldProject\helloWorldUB\node_modules\@unitybase\uba\"
20180223 09544115  " warn  		Model "UBS" configured to use invalid path "C:\Users\dovorob\Desktop\Sedneva\helloWorldProject\helloWorldUB\node_modules\@unitybase\ubs\". Model is not loaded
20180223 09544115  " warn  		Model "UBM" configured to use invalid path "C:\Users\dovorob\Desktop\Sedneva\helloWorldProject\helloWorldUB\node_modules\@unitybase\ubm\". Model is not loaded
20180223 09544115  " warn  		Model "ub-pub" configured to use invalid public path "C:\Users\dovorob\Desktop\Sedneva\helloWorldProject\helloWorldUB\node_modules\@unitybase\ub-pub\". This may cause a malfunction of the UI
20180223 09544115  " warn  		Model "adminui-pub" configured to use invalid public path "C:\Users\dovorob\Desktop\Sedneva\helloWorldProject\helloWorldUB\node_modules\@unitybase\adminui-pub\". This may cause a malfunction of the UI
20180223 09544115  " info  		Loading model "adminui-reg" from "C:\Users\dovorob\Desktop\Sedneva\helloWorldProject\helloWorldUB\node_modules\@unitybase\adminui-reg\"
20180223 09544115  "  +    		ubApp.TubDataStore(06287598).Init
20180223 09544115  "  +    			ubApp.TubApp(04BB3EE0).DBExecute
20180223 09544115  "  +    				ubApp.TubApp(04BB3EE0).TubApp.InternalDBExecute
20180223 09544115  "  +    					00856EC2 
20180223 09544116  "  -    					00.002.075
20180223 09544116  " SQL   					ubDBSQLite3ThreadSafe.TubSQLite3Statement(04C64E10) PRAGMA foreign_keys = ON
20180223 09544116  " SQL   					ubDBSQLite3ThreadSafe.TubSQLite3Statement(04C65E90) SELECT A01.ID,A01.entity,A01.state,A01.attribute,A01.roleName,A01.actions  FROM uba_als A01  ORDER BY A01.entity ASC
20180223 09544116  "  -    				00.002.161
20180223 09544116  "  -    			00.002.207
20180223 09544116  " debug 			Query result for entity "uba_als" into data name "": row count=0
20180223 09544116  "  -    		00.002.238
20180223 09544116  " srvr  		The domain loaded successfully with 0 entities
20180223 09544116  " debug 		Create new JavaScript Engine for thread 8720
20180223 09544131  "  +    		008C234A 
20180223 09544131  "  +    			ubApp.TubDataStore(08219F00).Init
20180223 09544131  "  +    				ubApp.TubApp(04BB3EE0).DBExecute
20180223 09544131  "  +    					ubApp.TubApp(04BB3EE0).TubApp.InternalDBExecute
20180223 09544131  " SQL   						ubDBSQLite3ThreadSafe.TubSQLite3Statement(04C66550) SELECT A01.ID,A01.name,A01.sessionTimeout,A01.allowedAppMethods  FROM uba_role A01 
20180223 09544131  "  -    					00.000.063
20180223 09544131  "  -    				00.000.154
20180223 09544131  " debug 				Query result for entity "uba_role" into data name "": row count=7
20180223 09544131  "  -    			00.000.170
20180223 09544131  "  +    			ubApp.TubDataStore(08219F78).Init
20180223 09544131  "  +    				ubApp.TubApp(04BB3EE0).DBExecute
20180223 09544131  "  +    					ubApp.TubApp(04BB3EE0).TubApp.InternalDBExecute
20180223 09544131  " SQL   						ubDBSQLite3ThreadSafe.TubSQLite3Statement(04C664F0) SELECT A01.ID,A01.entityMask,A01.methodMask,A01.ruleType,A01.ruleRole,A01.disabled,A01.code  FROM uba_els A01 
20180223 09544131  "  -    					00.000.045
20180223 09544131  "  -    				00.000.112
20180223 09544131  " debug 				Query result for entity "uba_els" into data name "": row count=14
20180223 09544131  "  -    			00.000.130
20180223 09544131  "  -    		00.000.885
20180223 09544131  " auth  		New session admin/84122900 created at 127.0.0.1/-144115177875308537 using Mozilla/5.0 (Windows; mORMot 1.18 TWinHTTP)
20180223 09544131  " auth  		New session anonymous/84122903 created at 127.0.0.1/-144115177875308537 using Mozilla/5.0 (Windows; mORMot 1.18 TWinHTTP)
20180223 09544131  "  -    	00.267.546
20180223 09544131  "  -    00.267.565
20180223 09544131  ! srvr  	ubServer.TubServer(04C4E5C0) {"THttpApiServer(04B7AA80)":{"Cloned":false,"RegisteredUrl":"http://+:888/","HTTPQueueLength":1000,"MaxBandwidth":-1,"MaxConnections":-1,"APIVersion":"HTTP API 2.0","ServerName":"UnityBase","ProcessName":""}} initialized
20180223 09544131  !  -    00.282.985
20180223 09544758  "  +    internalCall
20180223 09544758  " http  	127.0.0.1 -> GET 
20180223 09544758  " call  	endpoint statics
20180223 09544758  " http  	127.0.0.1 <- 200
20180223 09544758  "  -    00.000.663
20180223 09544759  #  +    clientRequire/lodash/lodash.min.js
20180223 09544759  # http  	127.0.0.1 -> GET clientRequire/lodash/lodash.min.js
20180223 09544759  # debug 	Create new JavaScript Engine for thread 664
20180223 09544759  $  +    clientRequire/@unitybase/ub-pub/dist/ub-pub.min.js
20180223 09544759  $ http  	127.0.0.1 -> GET clientRequire/@unitybase/ub-pub/dist/ub-pub.min.js
20180223 09544801  $ debug 	Create new JavaScript Engine for thread 10112
20180223 09544817  # call  	endpoint clientRequire
20180223 09544817  # info  	Call clientRequire 
20180223 09544820  # http  	127.0.0.1 <- 200
20180223 09544820  #  -    00.365.614
20180223 09544821  $ call  	endpoint clientRequire
20180223 09544821  $ info  	Call clientRequire 
20180223 09544821  $ ERROR 	Package @unitybase/ub-pub/dist/ub-pub.min.js not found 
20180223 09544821  $ ERROR 	Not found "@unitybase/ub-pub/dist/ub-pub.min.js" 
20180223 09544822  $  -    00.400.675
20180223 09545026  %  +    internalCall
20180223 09545026  % http  	127.0.0.1 -> GET 
20180223 09545026  % debug 	Create new JavaScript Engine for thread 6884
20180223 09545042  % call  	endpoint statics
20180223 09545042  % http  	127.0.0.1 <- 200
20180223 09545042  %  -    00.251.145
20180223 09545042  &  +    clientRequire/lodash/lodash.min.js
20180223 09545042  & http  	127.0.0.1 -> GET clientRequire/lodash/lodash.min.js
20180223 09545042  & debug 	Create new JavaScript Engine for thread 8572
20180223 09545042  '  +    clientRequire/@unitybase/ub-pub/dist/ub-pub.min.js
20180223 09545042  ' http  	127.0.0.1 -> GET clientRequire/@unitybase/ub-pub/dist/ub-pub.min.js
20180223 09545046  ' debug 	Create new JavaScript Engine for thread 9112
20180223 09545061  & call  	endpoint clientRequire
20180223 09545061  & info  	Call clientRequire 
20180223 09545061  & http  	127.0.0.1 <- 200
20180223 09545061  &  -    00.291.454
20180223 09545102  ' call  	endpoint clientRequire
20180223 09545102  ' info  	Call clientRequire 
20180223 09545102  ' ERROR 	Package @unitybase/ub-pub/dist/ub-pub.min.js not found 
20180223 09545102  ' ERROR 	Not found "@unitybase/ub-pub/dist/ub-pub.min.js" 
20180223 09545102  '  -    00.356.492
20180223 09545236  (  +    internalCall
20180223 09545236  ( http  	127.0.0.1 -> GET 
20180223 09545236  ( debug 	Create new JavaScript Engine for thread 5328
20180223 09545252  ( call  	endpoint statics
20180223 09545252  ( http  	127.0.0.1 <- 200
20180223 09545252  (  -    00.246.837
20180223 09545252  )  +    clientRequire/@unitybase/ub-pub/dist/ub-pub.min.js
20180223 09545252  ) http  	127.0.0.1 -> GET clientRequire/@unitybase/ub-pub/dist/ub-pub.min.js
20180223 09545252  ) debug 	Create new JavaScript Engine for thread 3356
20180223 09545252  "  +    clientRequire/lodash/lodash.min.js
20180223 09545252  " http  	127.0.0.1 -> GET clientRequire/lodash/lodash.min.js
20180223 09545256  " call  	endpoint clientRequire
20180223 09545256  " info  	Call clientRequire 
20180223 09545256  " http  	127.0.0.1 <- 200
20180223 09545256  "  -    00.055.746
20180223 09545305  ) call  	endpoint clientRequire
20180223 09545305  ) info  	Call clientRequire 
20180223 09545305  ) ERROR 	Package @unitybase/ub-pub/dist/ub-pub.min.js not found 
20180223 09545305  ) ERROR 	Not found "@unitybase/ub-pub/dist/ub-pub.min.js" 
20180223 09545305  )  -    00.251.940
20180223 09553635  #  +    internalCall
20180223 09553635  # http  	127.0.0.1 -> GET 
20180223 09553635  # call  	endpoint statics
20180223 09553635  # http  	127.0.0.1 <- 200
20180223 09553635  #  -    00.000.469
20180223 09553636  $  +    clientRequire/lodash/lodash.min.js
20180223 09553636  $ http  	127.0.0.1 -> GET clientRequire/lodash/lodash.min.js
20180223 09553636  $ call  	endpoint clientRequire
20180223 09553636  $ info  	Call clientRequire 
20180223 09553636  $ http  	127.0.0.1 <- 200
20180223 09553636  $  -    00.000.836
20180223 09553636  %  +    clientRequire/@unitybase/ub-pub/dist/ub-pub.min.js
20180223 09553636  % http  	127.0.0.1 -> GET clientRequire/@unitybase/ub-pub/dist/ub-pub.min.js
20180223 09553636  % call  	endpoint clientRequire
20180223 09553636  % info  	Call clientRequire 
20180223 09553636  % ERROR 	Package @unitybase/ub-pub/dist/ub-pub.min.js not found 
20180223 09553636  % ERROR 	Not found "@unitybase/ub-pub/dist/ub-pub.min.js" 
20180223 09553636  %  -    00.005.800
20180223 09553638  &  +    clientRequire/@unitybase/ub-pub/dist/ub-pub.min.js
20180223 09553638  & http  	127.0.0.1 -> GET clientRequire/@unitybase/ub-pub/dist/ub-pub.min.js
20180223 09553638  & call  	endpoint clientRequire
20180223 09553638  & info  	Call clientRequire 
20180223 09553638  & ERROR 	Package @unitybase/ub-pub/dist/ub-pub.min.js not found 
20180223 09553638  & ERROR 	Not found "@unitybase/ub-pub/dist/ub-pub.min.js" 
20180223 09553638  &  -    00.004.583
20180223 09554058  '  +    internalCall
20180223 09554058  ' http  	127.0.0.1 -> GET 
20180223 09554058  ' call  	endpoint statics
20180223 09554058  ' http  	127.0.0.1 <- 200
20180223 09554058  '  -    00.000.378
20180223 09554059  (  +    clientRequire/@unitybase/ub-pub/dist/ub-pub.min.js
20180223 09554059  ( http  	127.0.0.1 -> GET clientRequire/@unitybase/ub-pub/dist/ub-pub.min.js
20180223 09554059  "  +    clientRequire/lodash/lodash.min.js
20180223 09554059  " http  	127.0.0.1 -> GET clientRequire/lodash/lodash.min.js
20180223 09554059  ( call  	endpoint clientRequire
20180223 09554059  " call  	endpoint clientRequire
20180223 09554059  " info  	Call clientRequire 
20180223 09554059  " http  	127.0.0.1 <- 200
20180223 09554059  "  -    00.000.561
20180223 09554059  ( info  	Call clientRequire 
20180223 09554059  ( ERROR 	Package @unitybase/ub-pub/dist/ub-pub.min.js not found 
20180223 09554059  ( ERROR 	Not found "@unitybase/ub-pub/dist/ub-pub.min.js" 
20180223 09554059  (  -    00.006.368
20180223 09554062  )  +    clientRequire/@unitybase/ub-pub/dist/ub-pub.min.js
20180223 09554062  ) http  	127.0.0.1 -> GET clientRequire/@unitybase/ub-pub/dist/ub-pub.min.js
20180223 09554062  ) call  	endpoint clientRequire
20180223 09554062  ) info  	Call clientRequire 
20180223 09554062  ) ERROR 	Package @unitybase/ub-pub/dist/ub-pub.min.js not found 
20180223 09554062  ) ERROR 	Not found "@unitybase/ub-pub/dist/ub-pub.min.js" 
20180223 09554062  )  -    00.003.698
20180223 09562509  ! info  ubApp.TubApp(04BB3EE0) {   "ClientsCurrent": 0,   "ClientsMax": 0,   "Invalid": 7,   "Responses": 10,   "Modified": 0,   "IncomingBytes": 6558,   "OutcomingBytes": 1905,   "OutcomingFiles": 10,   "ServiceCalls": 17,   "ProcessTime": "2.24s"  }
