c:\UnityBase\UB.exe 4.0.0.0 (2018-02-22 17:30:16)Host=DESKTOP-GAR5TAF User=dovorob CPU=4*9-6-10759:FFFBEBBFBFE3BA1D0000000000 OS=23.0=10.0.16299 Wow64=1 Freq=2240995Environment variables=ALLUSERSPROFILE=C:\ProgramData	ANSICON=170x1000 (170x39)	ANSICON_DEF=7	APPDATA=C:\Users\dovorob\AppData\Roaming	CommonProgramFiles=C:\Program Files (x86)\Common Files	CommonProgramFiles(x86)=C:\Program Files (x86)\Common Files	CommonProgramW6432=C:\Program Files\Common Files	COMPUTERNAME=DESKTOP-GAR5TAF	ComSpec=C:\WINDOWS\system32\cmd.exe	ConEmuANSI=ON	ConEmuAnsiLog=	ConEmuArgs=	ConEmuArgs2=	ConEmuBackHWND=0x002D0662	ConEmuBaseDir=C:\Program Files\ConEmu\ConEmu	ConEmuBuild=161206	ConEmuConfig=	ConEmuDir=C:\Program Files\ConEmu	ConEmuDrawHWND=0x001D02DC	ConEmuDrive=C:	ConEmuHooks=Enabled	ConEmuHWND=0x000C0556	ConEmuPalette=<ConEmu>	ConEmuPID=8716	ConEmuServerPID=10060	ConEmuTask={Far}	ConEmuWorkDir=C:\Users\dovorob	ConEmuWorkDrive=C:	FARHOME=C:\Program Files\Far Manager	FARLANG=English	FARLOCALPROFILE=C:\Users\dovorob\AppData\Local\Far Manager\Profile	FARPROFILE=C:\Users\dovorob\AppData\Roaming\Far Manager\Profile	FSHARPINSTALLDIR=C:\Program Files (x86)\Microsoft SDKs\F#\4.1\Framework\v4.0\	HOMEDRIVE=C:	HOMEPATH=\Users\dovorob	LOCALAPPDATA=C:\Users\dovorob\AppData\Local	LOGONSERVER=\\DESKTOP-GAR5TAF	MSMPI_BIN=C:\Program Files\Microsoft MPI\Bin\	NUMBER_OF_PROCESSORS=4	OneDrive=C:\Users\dovorob\OneDrive	OS=Windows_NT	Path=C:\Program Files\ConEmu\ConEmu\Scripts;C:\Program Files\ConEmu;C:\Program Files\ConEmu\ConEmu;C:\Program Files\Microsoft MPI\Bin\;C:\WINDOWS\system32;C:\WINDOWS;C:\WINDOWS\System32\Wbem;C:\WINDOWS\System32\WindowsPowerShell\v1.0\;C:\Program Files (x86)\NVIDIA Corporation\PhysX\Common;C:\Program Files\Microsoft Windows Performance Toolkit\;C:\Program Files\dotnet\;C:\Program Files\Microsoft SQL Server\130\Tools\Binn\;C:\Program Files\Microsoft SQL Server\Client SDK\ODBC\130\Tools\Binn\;C:\Program Files (x86)\Microsoft SQL Server\140\Tools\Binn\;C:\Program Files\Microsoft SQL Server\140\Tools\Binn\;C:\Program Files\Microsoft SQL Server\140\DTS\Binn\;C:\Program Files (x86)\Microsoft SQL Server\Client SDK\ODBC\130\Tools\Binn\;C:\Program Files (x86)\Microsoft SQL Server\140\DTS\Binn\;C:\Program Files (x86)\Microsoft SQL Server\140\Tools\Binn\ManagementStudio\;C:\Program Files\nodejs\;c:\UnityBase;C:\Users\dovorob\AppData\Local\Microsoft\WindowsApps;C:\Users\dovorob\AppData\Roaming\npm	PATHEXT=.COM;.EXE;.BAT;.CMD;.VBS;.VBE;.JSE;.WSF;.WSH;.MSC	PROCESSOR_ARCHITECTURE=x86	PROCESSOR_ARCHITEW6432=AMD64	PROCESSOR_IDENTIFIER=Intel64 Family 6 Model 42 Stepping 7, GenuineIntel	PROCESSOR_LEVEL=6	PROCESSOR_REVISION=2a07	ProgramData=C:\ProgramData	ProgramFiles=C:\Program Files (x86)	ProgramFiles(x86)=C:\Program Files (x86)	ProgramW6432=C:\Program Files	PROMPT=$P$G	PSModulePath=C:\Program Files\WindowsPowerShell\Modules;C:\WINDOWS\system32\WindowsPowerShell\v1.0\Modules;C:\Program Files (x86)\Microsoft SQL Server\140\Tools\PowerShell\Modules\	PUBLIC=C:\Users\Public	SESSIONNAME=Console	SystemDrive=C:	SystemRoot=C:\WINDOWS	TEMP=C:\Users\dovorob\AppData\Local\Temp	TMP=C:\Users\dovorob\AppData\Local\Temp	UB_HOME=c:\UnityBase	USERDOMAIN=DESKTOP-GAR5TAF	USERDOMAIN_ROAMINGPROFILE=DESKTOP-GAR5TAF	USERNAME=dovorob	USERPROFILE=C:\Users\dovorob	VBOX_MSI_INSTALL_PATH=C:\Program Files\Oracle\VirtualBox\	windir=C:\WINDOWSTubLog 1.18.3488 FTS3 2018-02-23T09:59:1220180223 09591241  ! warn  WebSocket support are disabled because WSServer.host = '' in config
20180223 09591241  !  +    ubServer.TubServer(062C01E0).008863DB 
20180223 09591242  !  +    	Init app
20180223 09591242  ! srvr  		FTS is disabled
20180223 09591242  ! info  		Check blob store "avatars" folder "C:\Users\dovorob\Desktop\Sedneva\helloWorldProject\helloWorldUB\avatars\": folder exists
20180223 09591242  !  -    	00.000.387
20180223 09591242  !  +    	Folder C:\Users\dovorob\Desktop\Sedneva\helloWorldProject\helloWorldUB\node_modules\@unitybase\ub\ modified
20180223 09591242  !  +    		ubCommonClasses.TubThreadSafeCache(04DFCB30).removeStartsWith
20180223 09591242  !  -    		00.000.006
20180223 09591242  !  -    	00.000.011
20180223 09591242  !  +    	Folder C:\Users\dovorob\Desktop\Sedneva\helloWorldProject\helloWorldUB\ modified
20180223 09591242  ! debug 		refresh UB_STATIC.staticFoldersModifyDate in globalCache (static directory C:\Users\dovorob\Desktop\Sedneva\helloWorldProject\helloWorldUB\ changed)
20180223 09591242  !  +    		ubCommonClasses.TubThreadSafeCache(04DFCB30).removeStartsWith
20180223 09591242  !  -    		00.000.001
20180223 09591242  !  -    	00.000.009
20180223 09591242  !  +    	ubApp.TubApp(04D63EE0).init
20180223 09591242  ! srvr  		Mime converters are disabled
20180223 09591242  !  -    	00.000.002
20180223 09591242  ! srvr  	Enable zip compresison
20180223 09591242  ! srvr  	Send initialization request to http://localhost:888/init
20180223 09591242  "  +    InitializationRequest
20180223 09591242  "  +    	init
20180223 09591242  " srvr  		Start application intialization...
20180223 09591242  " info  		Loading domain...
20180223 09591242  " info  		Loading model "UB" from "C:\Users\dovorob\Desktop\Sedneva\helloWorldProject\helloWorldUB\node_modules\@unitybase\ub\"
20180223 09591242  " srvr  		The domain loaded successfully with 0 entities
20180223 09591242  " debug 		Create new JavaScript Engine for thread 4748
20180223 09591256  "  +    		008C234A 
20180223 09591256  " warn  			All API method are allowed for Everyone, because "uba_els" entity not found in domain
20180223 09591256  " warn  			ELS: rule "ALLOW_ALL_NO_ELS_ENTITY" does not match any method. Ignored
20180223 09591256  "  -    		00.000.825
20180223 09591256  " warn  		Method changePassword not found in application but set in allowedAppMethods for user
20180223 09591256  " auth  		New session admin/84394491 created at 127.0.0.1/-360287964284059639 using Mozilla/5.0 (Windows; mORMot 1.18 TWinHTTP)
20180223 09591256  " auth  		New session anonymous/84394490 created at 127.0.0.1/-360287964284059639 using Mozilla/5.0 (Windows; mORMot 1.18 TWinHTTP)
20180223 09591256  "  -    	00.225.612
20180223 09591256  "  -    00.225.629
20180223 09591256  ! srvr  	ubServer.TubServer(062C01E0) {"THttpApiServer(04D2AA80)":{"Cloned":false,"RegisteredUrl":"http://+:888/","HTTPQueueLength":1000,"MaxBandwidth":-1,"MaxConnections":-1,"APIVersion":"HTTP API 2.0","ServerName":"UnityBase","ProcessName":""}} initialized
20180223 09591256  !  -    00.229.801
20180223 09591257  "  +    getAppInfo
20180223 09591257  " http  	127.0.0.1 -> GET getAppInfo
20180223 09591257  " call  	endpoint getAppInfo
20180223 09591257  " http  	127.0.0.1 <- 200
20180223 09591257  "  -    00.000.758
20180223 09591258  ! info  ubApp.TubApp(04D63EE0) {   "ClientsCurrent": 0,   "ClientsMax": 0,   "Invalid": 0,   "Responses": 1,   "Modified": 0,   "IncomingBytes": 227,   "OutcomingBytes": 392,   "OutcomingFiles": 0,   "ServiceCalls": 1,   "ProcessTime": "770us"  }
20180223 09591302  ! EXC   Exception ("can't delete file") at 0089E3B8 
20180223 09591302  ! EXC   C:\\Users\\dovorob\\AppData\\Roaming\\npm\\node_modules\\@unitybase\\ubcli\\lib\\dbScripts\\sqlite3.js:25\r\rError: Can not delete SQLite3 database file C:\\Users\\dovorob\\Desktop\\Sedneva\\helloWorldProject\\helloWorldUB\\mainDB.db May be database in use?\ndropDatabase@C:\\Users\\dovorob\\AppData\\Roaming\\npm\\node_modules\\@unitybase\\ubcli\\lib\\dbScripts\\sqlite3.js:25:13\ninitDB@C:\\Users\\dovorob\\AppData\\Roaming\\npm\\node_modules\\@unitybase\\ubcli\\lib\\initDB.js:99:7\n@C:\\Users\\dovorob\\AppData\\Roaming\\npm\\node_modules\\@unitybase\\ubcli\\bin\\ubcli.js:20:40\nModule.prototype._compile@module.js:579:16\nModule._extensions[\".js\"]@module.js:588:3\nModule.prototype.load@module.js:496:3\ntryModuleLoad@module.js:455:5\nModule._load@module.js:447:3\nModule.prototype.require@module.js:506:10\n@shell.js:1:16\n
